{"meta": {"format": 3, "version": "7.9.1", "timestamp": "2025-07-02T06:53:49.821439", "branch_coverage": false, "show_contexts": false}, "files": {"src/proof_sketcher/__init__.py": {"executed_lines": [1, 44, 45, 48, 49, 50, 52], "summary": {"covered_lines": 6, "num_statements": 6, "percent_covered": 100.0, "percent_covered_display": "100", "missing_lines": 0, "excluded_lines": 0}, "missing_lines": [], "excluded_lines": [], "functions": {"": {"executed_lines": [1, 44, 45, 48, 49, 50, 52], "summary": {"covered_lines": 6, "num_statements": 6, "percent_covered": 100.0, "percent_covered_display": "100", "missing_lines": 0, "excluded_lines": 0}, "missing_lines": [], "excluded_lines": []}}, "classes": {"": {"executed_lines": [1, 44, 45, 48, 49, 50, 52], "summary": {"covered_lines": 6, "num_statements": 6, "percent_covered": 100.0, "percent_covered_display": "100", "missing_lines": 0, "excluded_lines": 0}, "missing_lines": [], "excluded_lines": []}}}, "src/proof_sketcher/__main__.py": {"executed_lines": [], "summary": {"covered_lines": 0, "num_statements": 3, "percent_covered": 0.0, "percent_covered_display": "0", "missing_lines": 3, "excluded_lines": 0}, "missing_lines": [3, 5, 6], "excluded_lines": [], "functions": {"": {"executed_lines": [], "summary": {"covered_lines": 0, "num_statements": 3, "percent_covered": 0.0, "percent_covered_display": "0", "missing_lines": 3, "excluded_lines": 0}, "missing_lines": [3, 5, 6], "excluded_lines": []}}, "classes": {"": {"executed_lines": [], "summary": {"covered_lines": 0, "num_statements": 3, "percent_covered": 0.0, "percent_covered_display": "0", "missing_lines": 3, "excluded_lines": 0}, "missing_lines": [3, 5, 6], "excluded_lines": []}}}, "src/proof_sketcher/animator/__init__.py": {"executed_lines": [1, 52, 53, 54, 55, 64, 67, 69], "summary": {"covered_lines": 7, "num_statements": 7, "percent_covered": 100.0, "percent_covered_display": "100", "missing_lines": 0, "excluded_lines": 0}, "missing_lines": [], "excluded_lines": [], "functions": {"": {"executed_lines": [1, 52, 53, 54, 55, 64, 67, 69], "summary": {"covered_lines": 7, "num_statements": 7, "percent_covered": 100.0, "percent_covered_display": "100", "missing_lines": 0, "excluded_lines": 0}, "missing_lines": [], "excluded_lines": []}}, "classes": {"": {"executed_lines": [1, 52, 53, 54, 55, 64, 67, 69], "summary": {"covered_lines": 7, "num_statements": 7, "percent_covered": 100.0, "percent_covered_display": "100", "missing_lines": 0, "excluded_lines": 0}, "missing_lines": [], "excluded_lines": []}}}, "src/proof_sketcher/animator/animator.py": {"executed_lines": [1, 3, 4, 5, 6, 7, 8, 10, 11, 12, 13, 14, 21, 24, 25, 27, 38, 39, 40, 41, 42, 45, 47, 59, 60, 62, 63, 68, 71, 79, 80, 83, 84, 86, 87, 89, 94, 99, 101, 105, 106, 109, 111, 129, 132, 134, 141, 148, 150, 181, 228, 257, 259, 260, 262, 263, 265, 266, 268, 288, 290, 294, 298, 299, 303, 304, 308, 310, 314, 315, 329, 356, 419, 424, 426, 428, 440, 446, 453, 455, 464, 465, 467, 478, 479, 480, 482, 486, 487, 510, 528], "summary": {"covered_lines": 88, "num_statements": 198, "percent_covered": 44.44444444444444, "percent_covered_display": "44", "missing_lines": 110, "excluded_lines": 0}, "missing_lines": [72, 102, 103, 162, 164, 166, 171, 175, 177, 178, 179, 187, 189, 190, 193, 194, 195, 197, 198, 199, 200, 202, 204, 205, 206, 209, 210, 211, 214, 215, 216, 217, 218, 219, 221, 222, 224, 225, 226, 237, 241, 270, 271, 272, 274, 275, 278, 279, 280, 282, 284, 285, 286, 291, 292, 295, 296, 300, 301, 305, 306, 318, 320, 323, 324, 325, 327, 331, 333, 349, 350, 351, 352, 354, 360, 361, 364, 380, 381, 384, 395, 397, 398, 399, 411, 412, 414, 415, 417, 490, 493, 494, 495, 496, 499, 502, 505, 506, 508, 512, 514, 515, 516, 519, 520, 521, 523, 524, 526, 530], "excluded_lines": [], "functions": {"ManimAnimator.__init__": {"executed_lines": [38, 39, 40, 41, 42, 45], "summary": {"covered_lines": 6, "num_statements": 6, "percent_covered": 100.0, "percent_covered_display": "100", "missing_lines": 0, "excluded_lines": 0}, "missing_lines": [], "excluded_lines": []}, "ManimAnimator.animate_proof": {"executed_lines": [59, 60, 62, 63, 68, 71, 79, 80, 83, 84, 86, 87, 89, 94, 99, 101, 105, 106, 109], "summary": {"covered_lines": 19, "num_statements": 22, "percent_covered": 86.36363636363636, "percent_covered_display": "86", "missing_lines": 3, "excluded_lines": 0}, "missing_lines": [72, 102, 103], "excluded_lines": []}, "ManimAnimator.animate_single_step": {"executed_lines": [129, 132, 134, 141, 148], "summary": {"covered_lines": 5, "num_statements": 5, "percent_covered": 100.0, "percent_covered_display": "100", "missing_lines": 0, "excluded_lines": 0}, "missing_lines": [], "excluded_lines": []}, "ManimAnimator.create_preview_image": {"executed_lines": [], "summary": {"covered_lines": 0, "num_statements": 8, "percent_covered": 0.0, "percent_covered_display": "0", "missing_lines": 8, "excluded_lines": 0}, "missing_lines": [162, 164, 166, 171, 175, 177, 178, 179], "excluded_lines": []}, "ManimAnimator.validate_setup": {"executed_lines": [], "summary": {"covered_lines": 0, "num_statements": 26, "percent_covered": 0.0, "percent_covered_display": "0", "missing_lines": 26, "excluded_lines": 0}, "missing_lines": [187, 189, 190, 193, 197, 198, 199, 200, 202, 204, 205, 206, 209, 210, 211, 214, 215, 216, 217, 218, 219, 221, 222, 224, 225, 226], "excluded_lines": []}, "ManimAnimator.validate_setup.test_server": {"executed_lines": [], "summary": {"covered_lines": 0, "num_statements": 2, "percent_covered": 0.0, "percent_covered_display": "0", "missing_lines": 2, "excluded_lines": 0}, "missing_lines": [194, 195], "excluded_lines": []}, "ManimAnimator.get_animation_info": {"executed_lines": [], "summary": {"covered_lines": 0, "num_statements": 2, "percent_covered": 0.0, "percent_covered_display": "0", "missing_lines": 2, "excluded_lines": 0}, "missing_lines": [237, 241], "excluded_lines": []}, "ManimAnimator._setup_output_directories": {"executed_lines": [259, 260, 262, 263, 265, 266], "summary": {"covered_lines": 6, "num_statements": 6, "percent_covered": 100.0, "percent_covered_display": "100", "missing_lines": 0, "excluded_lines": 0}, "missing_lines": [], "excluded_lines": []}, "ManimAnimator._check_output_directories": {"executed_lines": [], "summary": {"covered_lines": 0, "num_statements": 12, "percent_covered": 0.0, "percent_covered_display": "0", "missing_lines": 12, "excluded_lines": 0}, "missing_lines": [270, 271, 272, 274, 275, 278, 279, 280, 282, 284, 285, 286], "excluded_lines": []}, "ManimAnimator._validate_animation_request": {"executed_lines": [290, 294, 298, 299, 303, 304, 308], "summary": {"covered_lines": 7, "num_statements": 15, "percent_covered": 46.666666666666664, "percent_covered_display": "47", "missing_lines": 8, "excluded_lines": 0}, "missing_lines": [291, 292, 295, 296, 300, 301, 305, 306], "excluded_lines": []}, "ManimAnimator._post_process_animation": {"executed_lines": [314, 315], "summary": {"covered_lines": 2, "num_statements": 8, "percent_covered": 25.0, "percent_covered_display": "25", "missing_lines": 6, "excluded_lines": 0}, "missing_lines": [318, 320, 323, 324, 325, 327], "excluded_lines": []}, "ManimAnimator._get_video_duration": {"executed_lines": [], "summary": {"covered_lines": 0, "num_statements": 7, "percent_covered": 0.0, "percent_covered_display": "0", "missing_lines": 7, "excluded_lines": 0}, "missing_lines": [331, 333, 349, 350, 351, 352, 354], "excluded_lines": []}, "ManimAnimator._create_latex_preview": {"executed_lines": [], "summary": {"covered_lines": 0, "num_statements": 15, "percent_covered": 0.0, "percent_covered_display": "0", "missing_lines": 15, "excluded_lines": 0}, "missing_lines": [360, 361, 364, 380, 381, 384, 395, 397, 398, 399, 411, 412, 414, 415, 417], "excluded_lines": []}, "ManimAnimator._create_fallback_response": {"executed_lines": [424, 426, 428, 440, 446, 453, 455], "summary": {"covered_lines": 7, "num_statements": 7, "percent_covered": 100.0, "percent_covered_display": "100", "missing_lines": 0, "excluded_lines": 0}, "missing_lines": [], "excluded_lines": []}, "CachedManimAnimator.__init__": {"executed_lines": [478, 479, 480], "summary": {"covered_lines": 3, "num_statements": 3, "percent_covered": 100.0, "percent_covered_display": "100", "missing_lines": 0, "excluded_lines": 0}, "missing_lines": [], "excluded_lines": []}, "CachedManimAnimator.animate_proof": {"executed_lines": [486, 487], "summary": {"covered_lines": 2, "num_statements": 12, "percent_covered": 16.666666666666668, "percent_covered_display": "17", "missing_lines": 10, "excluded_lines": 0}, "missing_lines": [490, 493, 494, 495, 496, 499, 502, 505, 506, 508], "excluded_lines": []}, "CachedManimAnimator._get_cache_key": {"executed_lines": [], "summary": {"covered_lines": 0, "num_statements": 10, "percent_covered": 0.0, "percent_covered_display": "0", "missing_lines": 10, "excluded_lines": 0}, "missing_lines": [512, 514, 515, 516, 519, 520, 521, 523, 524, 526], "excluded_lines": []}, "CachedManimAnimator.__getattr__": {"executed_lines": [], "summary": {"covered_lines": 0, "num_statements": 1, "percent_covered": 0.0, "percent_covered_display": "0", "missing_lines": 1, "excluded_lines": 0}, "missing_lines": [530], "excluded_lines": []}, "": {"executed_lines": [1, 3, 4, 5, 6, 7, 8, 10, 11, 12, 13, 14, 21, 24, 25, 27, 47, 111, 150, 181, 228, 257, 268, 288, 310, 329, 356, 419, 464, 465, 467, 482, 510, 528], "summary": {"covered_lines": 31, "num_statements": 31, "percent_covered": 100.0, "percent_covered_display": "100", "missing_lines": 0, "excluded_lines": 0}, "missing_lines": [], "excluded_lines": []}}, "classes": {"ManimAnimator": {"executed_lines": [38, 39, 40, 41, 42, 45, 59, 60, 62, 63, 68, 71, 79, 80, 83, 84, 86, 87, 89, 94, 99, 101, 105, 106, 109, 129, 132, 134, 141, 148, 259, 260, 262, 263, 265, 266, 290, 294, 298, 299, 303, 304, 308, 314, 315, 424, 426, 428, 440, 446, 453, 455], "summary": {"covered_lines": 52, "num_statements": 141, "percent_covered": 36.87943262411348, "percent_covered_display": "37", "missing_lines": 89, "excluded_lines": 0}, "missing_lines": [72, 102, 103, 162, 164, 166, 171, 175, 177, 178, 179, 187, 189, 190, 193, 194, 195, 197, 198, 199, 200, 202, 204, 205, 206, 209, 210, 211, 214, 215, 216, 217, 218, 219, 221, 222, 224, 225, 226, 237, 241, 270, 271, 272, 274, 275, 278, 279, 280, 282, 284, 285, 286, 291, 292, 295, 296, 300, 301, 305, 306, 318, 320, 323, 324, 325, 327, 331, 333, 349, 350, 351, 352, 354, 360, 361, 364, 380, 381, 384, 395, 397, 398, 399, 411, 412, 414, 415, 417], "excluded_lines": []}, "CachedManimAnimator": {"executed_lines": [478, 479, 480, 486, 487], "summary": {"covered_lines": 5, "num_statements": 26, "percent_covered": 19.23076923076923, "percent_covered_display": "19", "missing_lines": 21, "excluded_lines": 0}, "missing_lines": [490, 493, 494, 495, 496, 499, 502, 505, 506, 508, 512, 514, 515, 516, 519, 520, 521, 523, 524, 526, 530], "excluded_lines": []}, "": {"executed_lines": [1, 3, 4, 5, 6, 7, 8, 10, 11, 12, 13, 14, 21, 24, 25, 27, 47, 111, 150, 181, 228, 257, 268, 288, 310, 329, 356, 419, 464, 465, 467, 482, 510, 528], "summary": {"covered_lines": 31, "num_statements": 31, "percent_covered": 100.0, "percent_covered_display": "100", "missing_lines": 0, "excluded_lines": 0}, "missing_lines": [], "excluded_lines": []}}}, "src/proof_sketcher/animator/formula_extractor.py": {"executed_lines": [1, 3, 4, 5, 7, 10, 11, 12, 14, 15, 16, 17, 18, 19, 22, 23, 25, 28, 99, 129, 138, 140, 143, 146, 149, 152, 155, 158, 160, 167, 170, 175, 177, 179, 182, 183, 205, 207, 211, 212, 213, 215, 218, 220, 227, 228, 229, 231, 234, 236, 243, 249, 251, 254, 257, 260, 262, 264, 266, 267, 269, 271, 274, 277, 280, 282, 285, 286, 288, 290, 291, 310, 352, 380, 389, 399, 416, 431, 432, 433, 435, 436, 437, 440, 441, 442, 444, 445, 446, 449, 450, 452, 454, 455, 457, 483, 485, 487, 495, 526, 535, 538, 539, 540, 549, 550, 551, 559, 561, 570, 571, 573, 583, 586, 589, 590, 591, 592, 594, 596], "summary": {"covered_lines": 113, "num_statements": 175, "percent_covered": 64.57142857142857, "percent_covered_display": "65", "missing_lines": 62, "excluded_lines": 0}, "missing_lines": [162, 163, 184, 186, 187, 188, 190, 191, 192, 194, 195, 196, 198, 199, 202, 203, 324, 325, 328, 331, 334, 339, 343, 362, 364, 367, 368, 371, 372, 375, 376, 378, 382, 383, 384, 387, 391, 392, 395, 397, 403, 414, 421, 424, 426, 428, 472, 476, 477, 478, 479, 481, 491, 507, 510, 511, 515, 519, 520, 521, 522, 524], "excluded_lines": [], "functions": {"LeanToLatexConverter.__init__": {"executed_lines": [28, 99], "summary": {"covered_lines": 2, "num_statements": 2, "percent_covered": 100.0, "percent_covered_display": "100", "missing_lines": 0, "excluded_lines": 0}, "missing_lines": [], "excluded_lines": []}, "LeanToLatexConverter.convert": {"executed_lines": [138, 140, 143, 146, 149, 152, 155, 158, 160], "summary": {"covered_lines": 9, "num_statements": 11, "percent_covered": 81.81818181818181, "percent_covered_display": "82", "missing_lines": 2, "excluded_lines": 0}, "missing_lines": [162, 163], "excluded_lines": []}, "LeanToLatexConverter._clean_type_annotations": {"executed_lines": [170, 175, 177], "summary": {"covered_lines": 3, "num_statements": 3, "percent_covered": 100.0, "percent_covered_display": "100", "missing_lines": 0, "excluded_lines": 0}, "missing_lines": [], "excluded_lines": []}, "LeanToLatexConverter._convert_function_applications": {"executed_lines": [182, 183, 205], "summary": {"covered_lines": 3, "num_statements": 17, "percent_covered": 17.647058823529413, "percent_covered_display": "18", "missing_lines": 14, "excluded_lines": 0}, "missing_lines": [184, 186, 187, 188, 190, 191, 192, 194, 195, 196, 198, 199, 202, 203], "excluded_lines": []}, "LeanToLatexConverter._convert_quantifiers": {"executed_lines": [211, 220, 227, 236, 243, 249], "summary": {"covered_lines": 6, "num_statements": 6, "percent_covered": 100.0, "percent_covered_display": "100", "missing_lines": 0, "excluded_lines": 0}, "missing_lines": [], "excluded_lines": []}, "LeanToLatexConverter._convert_quantifiers.convert_universal": {"executed_lines": [212, 213, 215, 218], "summary": {"covered_lines": 4, "num_statements": 4, "percent_covered": 100.0, "percent_covered_display": "100", "missing_lines": 0, "excluded_lines": 0}, "missing_lines": [], "excluded_lines": []}, "LeanToLatexConverter._convert_quantifiers.convert_existential": {"executed_lines": [228, 229, 231, 234], "summary": {"covered_lines": 4, "num_statements": 4, "percent_covered": 100.0, "percent_covered_display": "100", "missing_lines": 0, "excluded_lines": 0}, "missing_lines": [], "excluded_lines": []}, "LeanToLatexConverter._convert_infix_operators": {"executed_lines": [254, 257, 260, 262], "summary": {"covered_lines": 4, "num_statements": 4, "percent_covered": 100.0, "percent_covered_display": "100", "missing_lines": 0, "excluded_lines": 0}, "missing_lines": [], "excluded_lines": []}, "LeanToLatexConverter._convert_unicode_symbols": {"executed_lines": [266, 267, 269], "summary": {"covered_lines": 3, "num_statements": 3, "percent_covered": 100.0, "percent_covered_display": "100", "missing_lines": 0, "excluded_lines": 0}, "missing_lines": [], "excluded_lines": []}, "LeanToLatexConverter._improve_formatting": {"executed_lines": [274, 277, 280, 282], "summary": {"covered_lines": 4, "num_statements": 4, "percent_covered": 100.0, "percent_covered_display": "100", "missing_lines": 0, "excluded_lines": 0}, "missing_lines": [], "excluded_lines": []}, "ProofStepAnalyzer.__init__": {"executed_lines": [290, 291], "summary": {"covered_lines": 2, "num_statements": 2, "percent_covered": 100.0, "percent_covered_display": "100", "missing_lines": 0, "excluded_lines": 0}, "missing_lines": [], "excluded_lines": []}, "ProofStepAnalyzer.analyze_transformation": {"executed_lines": [], "summary": {"covered_lines": 0, "num_statements": 7, "percent_covered": 0.0, "percent_covered_display": "0", "missing_lines": 7, "excluded_lines": 0}, "missing_lines": [324, 325, 328, 331, 334, 339, 343], "excluded_lines": []}, "ProofStepAnalyzer.extract_formula_components": {"executed_lines": [], "summary": {"covered_lines": 0, "num_statements": 9, "percent_covered": 0.0, "percent_covered_display": "0", "missing_lines": 9, "excluded_lines": 0}, "missing_lines": [362, 364, 367, 368, 371, 372, 375, 376, 378], "excluded_lines": []}, "ProofStepAnalyzer._identify_transformation_type": {"executed_lines": [], "summary": {"covered_lines": 0, "num_statements": 4, "percent_covered": 0.0, "percent_covered_display": "0", "missing_lines": 4, "excluded_lines": 0}, "missing_lines": [382, 383, 384, 387], "excluded_lines": []}, "ProofStepAnalyzer._find_changes": {"executed_lines": [], "summary": {"covered_lines": 0, "num_statements": 4, "percent_covered": 0.0, "percent_covered_display": "0", "missing_lines": 4, "excluded_lines": 0}, "missing_lines": [391, 392, 395, 397], "excluded_lines": []}, "ProofStepAnalyzer._generate_explanation": {"executed_lines": [], "summary": {"covered_lines": 0, "num_statements": 2, "percent_covered": 0.0, "percent_covered_display": "0", "missing_lines": 2, "excluded_lines": 0}, "missing_lines": [403, 414], "excluded_lines": []}, "ProofStepAnalyzer._generate_intermediate_steps": {"executed_lines": [], "summary": {"covered_lines": 0, "num_statements": 4, "percent_covered": 0.0, "percent_covered_display": "0", "missing_lines": 4, "excluded_lines": 0}, "missing_lines": [421, 424, 426, 428], "excluded_lines": []}, "FormulaExtractor.__init__": {"executed_lines": [454, 455], "summary": {"covered_lines": 2, "num_statements": 2, "percent_covered": 100.0, "percent_covered_display": "100", "missing_lines": 0, "excluded_lines": 0}, "missing_lines": [], "excluded_lines": []}, "FormulaExtractor.extract_from_proof_step": {"executed_lines": [], "summary": {"covered_lines": 0, "num_statements": 6, "percent_covered": 0.0, "percent_covered_display": "0", "missing_lines": 6, "excluded_lines": 0}, "missing_lines": [472, 476, 477, 478, 479, 481], "excluded_lines": []}, "FormulaExtractor.convert_lean_to_latex": {"executed_lines": [485], "summary": {"covered_lines": 1, "num_statements": 1, "percent_covered": 100.0, "percent_covered_display": "100", "missing_lines": 0, "excluded_lines": 0}, "missing_lines": [], "excluded_lines": []}, "FormulaExtractor.analyze_proof_transformation": {"executed_lines": [], "summary": {"covered_lines": 0, "num_statements": 1, "percent_covered": 0.0, "percent_covered_display": "0", "missing_lines": 1, "excluded_lines": 0}, "missing_lines": [491], "excluded_lines": []}, "FormulaExtractor.extract_key_formulas_from_theorem": {"executed_lines": [], "summary": {"covered_lines": 0, "num_statements": 9, "percent_covered": 0.0, "percent_covered_display": "0", "missing_lines": 9, "excluded_lines": 0}, "missing_lines": [507, 510, 511, 515, 519, 520, 521, 522, 524], "excluded_lines": []}, "FormulaExtractor.extract_formulas": {"executed_lines": [535, 538, 539, 540, 549, 550, 551, 559], "summary": {"covered_lines": 8, "num_statements": 8, "percent_covered": 100.0, "percent_covered_display": "100", "missing_lines": 0, "excluded_lines": 0}, "missing_lines": [], "excluded_lines": []}, "FormulaExtractor.extract_lean_notation": {"executed_lines": [570, 571], "summary": {"covered_lines": 2, "num_statements": 2, "percent_covered": 100.0, "percent_covered_display": "100", "missing_lines": 0, "excluded_lines": 0}, "missing_lines": [], "excluded_lines": []}, "FormulaExtractor.process_proof_content": {"executed_lines": [583, 586, 589, 590, 591, 592, 594, 596], "summary": {"covered_lines": 8, "num_statements": 8, "percent_covered": 100.0, "percent_covered_display": "100", "missing_lines": 0, "excluded_lines": 0}, "missing_lines": [], "excluded_lines": []}, "": {"executed_lines": [1, 3, 4, 5, 7, 10, 11, 12, 14, 15, 16, 17, 18, 19, 22, 23, 25, 129, 167, 179, 207, 251, 264, 271, 285, 286, 288, 310, 352, 380, 389, 399, 416, 431, 432, 433, 435, 436, 437, 440, 441, 442, 444, 445, 446, 449, 450, 452, 457, 483, 487, 495, 526, 561, 573], "summary": {"covered_lines": 48, "num_statements": 48, "percent_covered": 100.0, "percent_covered_display": "100", "missing_lines": 0, "excluded_lines": 0}, "missing_lines": [], "excluded_lines": []}}, "classes": {"FormulaTransformation": {"executed_lines": [], "summary": {"covered_lines": 0, "num_statements": 0, "percent_covered": 100.0, "percent_covered_display": "100", "missing_lines": 0, "excluded_lines": 0}, "missing_lines": [], "excluded_lines": []}, "LeanToLatexConverter": {"executed_lines": [28, 99, 138, 140, 143, 146, 149, 152, 155, 158, 160, 170, 175, 177, 182, 183, 205, 211, 212, 213, 215, 218, 220, 227, 228, 229, 231, 234, 236, 243, 249, 254, 257, 260, 262, 266, 267, 269, 274, 277, 280, 282], "summary": {"covered_lines": 42, "num_statements": 58, "percent_covered": 72.41379310344827, "percent_covered_display": "72", "missing_lines": 16, "excluded_lines": 0}, "missing_lines": [162, 163, 184, 186, 187, 188, 190, 191, 192, 194, 195, 196, 198, 199, 202, 203], "excluded_lines": []}, "ProofStepAnalyzer": {"executed_lines": [290, 291], "summary": {"covered_lines": 2, "num_statements": 32, "percent_covered": 6.25, "percent_covered_display": "6", "missing_lines": 30, "excluded_lines": 0}, "missing_lines": [324, 325, 328, 331, 334, 339, 343, 362, 364, 367, 368, 371, 372, 375, 376, 378, 382, 383, 384, 387, 391, 392, 395, 397, 403, 414, 421, 424, 426, 428], "excluded_lines": []}, "ExtractedFormula": {"executed_lines": [], "summary": {"covered_lines": 0, "num_statements": 0, "percent_covered": 100.0, "percent_covered_display": "100", "missing_lines": 0, "excluded_lines": 0}, "missing_lines": [], "excluded_lines": []}, "ProcessedContent": {"executed_lines": [], "summary": {"covered_lines": 0, "num_statements": 0, "percent_covered": 100.0, "percent_covered_display": "100", "missing_lines": 0, "excluded_lines": 0}, "missing_lines": [], "excluded_lines": []}, "FormulaExtractor": {"executed_lines": [454, 455, 485, 535, 538, 539, 540, 549, 550, 551, 559, 570, 571, 583, 586, 589, 590, 591, 592, 594, 596], "summary": {"covered_lines": 21, "num_statements": 37, "percent_covered": 56.75675675675676, "percent_covered_display": "57", "missing_lines": 16, "excluded_lines": 0}, "missing_lines": [472, 476, 477, 478, 479, 481, 491, 507, 510, 511, 515, 519, 520, 521, 522, 524], "excluded_lines": []}, "": {"executed_lines": [1, 3, 4, 5, 7, 10, 11, 12, 14, 15, 16, 17, 18, 19, 22, 23, 25, 129, 167, 179, 207, 251, 264, 271, 285, 286, 288, 310, 352, 380, 389, 399, 416, 431, 432, 433, 435, 436, 437, 440, 441, 442, 444, 445, 446, 449, 450, 452, 457, 483, 487, 495, 526, 561, 573], "summary": {"covered_lines": 48, "num_statements": 48, "percent_covered": 100.0, "percent_covered_display": "100", "missing_lines": 0, "excluded_lines": 0}, "missing_lines": [], "excluded_lines": []}}}, "src/proof_sketcher/animator/manim_mcp.py": {"executed_lines": [1, 3, 4, 5, 6, 7, 8, 9, 11, 13, 16, 17, 19, 25, 26, 27, 28, 29, 30, 31, 33, 39, 40, 41, 43, 44, 45, 87, 89, 92, 100, 103, 123, 181, 190, 192, 194, 195, 202, 203, 205, 206, 211, 212, 213, 215, 216, 221, 222, 223, 224, 226, 233, 240, 242, 244, 253, 256, 263, 265, 267, 290, 296, 297, 307, 308, 310, 316, 317, 319, 321, 325, 326, 328, 330, 332, 333, 334, 337, 338, 343, 344, 347, 348, 349, 351, 353, 354, 355, 357, 359, 371, 372, 374, 375, 377, 380, 382, 394, 396, 397, 399, 400, 404, 429, 468, 494, 519, 541, 542, 544, 554, 559, 563, 582], "summary": {"covered_lines": 112, "num_statements": 292, "percent_covered": 38.35616438356164, "percent_covered_display": "38", "missing_lines": 180, "excluded_lines": 0}, "missing_lines": [47, 49, 50, 51, 52, 55, 57, 60, 65, 66, 71, 72, 76, 78, 79, 80, 82, 83, 84, 85, 93, 94, 95, 96, 97, 104, 105, 108, 109, 110, 111, 114, 115, 117, 118, 119, 121, 133, 134, 136, 149, 151, 153, 156, 157, 158, 159, 162, 164, 165, 166, 168, 169, 172, 174, 175, 176, 177, 178, 179, 234, 235, 246, 279, 280, 281, 283, 298, 299, 301, 302, 303, 304, 305, 322, 323, 335, 378, 384, 386, 387, 388, 390, 392, 402, 406, 407, 408, 410, 411, 413, 414, 416, 417, 418, 419, 421, 422, 424, 425, 426, 427, 431, 432, 433, 451, 452, 456, 459, 460, 461, 462, 464, 465, 466, 472, 473, 474, 479, 480, 482, 485, 486, 487, 488, 490, 491, 492, 496, 497, 498, 504, 505, 507, 510, 511, 512, 513, 515, 516, 517, 521, 522, 523, 525, 526, 528, 531, 532, 533, 534, 536, 537, 538, 550, 551, 552, 556, 557, 561, 565, 566, 567, 568, 569, 570, 573, 575, 576, 584, 586, 587, 590, 591, 593, 594, 596, 597, 598, 600], "excluded_lines": [], "functions": {"ManimMCPClient.__init__": {"executed_lines": [25, 26, 27, 28, 29, 30, 31], "summary": {"covered_lines": 7, "num_statements": 7, "percent_covered": 100.0, "percent_covered_display": "100", "missing_lines": 0, "excluded_lines": 0}, "missing_lines": [], "excluded_lines": []}, "ManimMCPClient.start_server": {"executed_lines": [39, 40, 41, 43, 44, 45], "summary": {"covered_lines": 6, "num_statements": 26, "percent_covered": 23.076923076923077, "percent_covered_display": "23", "missing_lines": 20, "excluded_lines": 0}, "missing_lines": [47, 49, 50, 51, 52, 55, 57, 60, 65, 66, 71, 72, 76, 78, 79, 80, 82, 83, 84, 85], "excluded_lines": []}, "ManimMCPClient.stop_server": {"executed_lines": [89, 92, 100, 103], "summary": {"covered_lines": 4, "num_statements": 21, "percent_covered": 19.047619047619047, "percent_covered_display": "19", "missing_lines": 17, "excluded_lines": 0}, "missing_lines": [93, 94, 95, 96, 97, 104, 105, 108, 109, 110, 111, 114, 115, 117, 118, 119, 121], "excluded_lines": []}, "ManimMCPClient.render_scene": {"executed_lines": [], "summary": {"covered_lines": 0, "num_statements": 23, "percent_covered": 0.0, "percent_covered_display": "0", "missing_lines": 23, "excluded_lines": 0}, "missing_lines": [133, 134, 136, 149, 151, 153, 156, 157, 158, 159, 162, 164, 165, 166, 168, 169, 172, 174, 175, 176, 177, 178, 179], "excluded_lines": []}, "ManimMCPClient.render_animation": {"executed_lines": [190, 192, 194, 195, 202, 203, 205, 206, 211, 212, 213, 215, 216, 221, 222, 223, 224, 226, 233, 240, 242, 244, 253, 256, 263, 265, 267], "summary": {"covered_lines": 27, "num_statements": 34, "percent_covered": 79.41176470588235, "percent_covered_display": "79", "missing_lines": 7, "excluded_lines": 0}, "missing_lines": [234, 235, 246, 279, 280, 281, 283], "excluded_lines": []}, "ManimMCPClient.health_check": {"executed_lines": [296, 297, 307, 308], "summary": {"covered_lines": 4, "num_statements": 11, "percent_covered": 36.36363636363637, "percent_covered_display": "36", "missing_lines": 7, "excluded_lines": 0}, "missing_lines": [298, 299, 301, 302, 303, 304, 305], "excluded_lines": []}, "ManimMCPClient.is_server_running": {"executed_lines": [316, 317, 319, 321], "summary": {"covered_lines": 4, "num_statements": 6, "percent_covered": 66.66666666666667, "percent_covered_display": "67", "missing_lines": 2, "excluded_lines": 0}, "missing_lines": [322, 323], "excluded_lines": []}, "ManimMCPClient._get_session": {"executed_lines": [328, 330, 332, 333, 334, 337, 338, 343, 344, 347, 348, 349], "summary": {"covered_lines": 12, "num_statements": 13, "percent_covered": 92.3076923076923, "percent_covered_display": "92", "missing_lines": 1, "excluded_lines": 0}, "missing_lines": [335], "excluded_lines": []}, "ManimMCPClient._close_session_pool": {"executed_lines": [353, 354, 355], "summary": {"covered_lines": 3, "num_statements": 3, "percent_covered": 100.0, "percent_covered_display": "100", "missing_lines": 0, "excluded_lines": 0}, "missing_lines": [], "excluded_lines": []}, "ManimMCPClient._build_server_command": {"executed_lines": [359, 371, 372, 374, 375, 377, 380], "summary": {"covered_lines": 7, "num_statements": 8, "percent_covered": 87.5, "percent_covered_display": "88", "missing_lines": 1, "excluded_lines": 0}, "missing_lines": [378], "excluded_lines": []}, "ManimMCPClient._wait_for_server_ready": {"executed_lines": [], "summary": {"covered_lines": 0, "num_statements": 6, "percent_covered": 0.0, "percent_covered_display": "0", "missing_lines": 6, "excluded_lines": 0}, "missing_lines": [384, 386, 387, 388, 390, 392], "excluded_lines": []}, "ManimMCPClient._ensure_server_running": {"executed_lines": [396, 397, 399, 400], "summary": {"covered_lines": 4, "num_statements": 5, "percent_covered": 80.0, "percent_covered_display": "80", "missing_lines": 1, "excluded_lines": 0}, "missing_lines": [402], "excluded_lines": []}, "ManimMCPClient._health_check_loop": {"executed_lines": [], "summary": {"covered_lines": 0, "num_statements": 17, "percent_covered": 0.0, "percent_covered_display": "0", "missing_lines": 17, "excluded_lines": 0}, "missing_lines": [406, 407, 408, 410, 411, 413, 414, 416, 417, 418, 419, 421, 422, 424, 425, 426, 427], "excluded_lines": []}, "ManimMCPClient._render_segment": {"executed_lines": [], "summary": {"covered_lines": 0, "num_statements": 13, "percent_covered": 0.0, "percent_covered_display": "0", "missing_lines": 13, "excluded_lines": 0}, "missing_lines": [431, 432, 433, 451, 452, 456, 459, 460, 461, 462, 464, 465, 466], "excluded_lines": []}, "ManimMCPClient._combine_segments": {"executed_lines": [], "summary": {"covered_lines": 0, "num_statements": 13, "percent_covered": 0.0, "percent_covered_display": "0", "missing_lines": 13, "excluded_lines": 0}, "missing_lines": [472, 473, 474, 479, 480, 482, 485, 486, 487, 488, 490, 491, 492], "excluded_lines": []}, "ManimMCPClient._generate_preview": {"executed_lines": [], "summary": {"covered_lines": 0, "num_statements": 13, "percent_covered": 0.0, "percent_covered_display": "0", "missing_lines": 13, "excluded_lines": 0}, "missing_lines": [496, 497, 498, 504, 505, 507, 510, 511, 512, 513, 515, 516, 517], "excluded_lines": []}, "ManimMCPClient._get_video_duration": {"executed_lines": [], "summary": {"covered_lines": 0, "num_statements": 13, "percent_covered": 0.0, "percent_covered_display": "0", "missing_lines": 13, "excluded_lines": 0}, "missing_lines": [521, 522, 523, 525, 526, 528, 531, 532, 533, 534, 536, 537, 538], "excluded_lines": []}, "ManimMCPManager.__init__": {"executed_lines": [], "summary": {"covered_lines": 0, "num_statements": 3, "percent_covered": 0.0, "percent_covered_display": "0", "missing_lines": 3, "excluded_lines": 0}, "missing_lines": [550, 551, 552], "excluded_lines": []}, "ManimMCPManager.__aenter__": {"executed_lines": [], "summary": {"covered_lines": 0, "num_statements": 2, "percent_covered": 0.0, "percent_covered_display": "0", "missing_lines": 2, "excluded_lines": 0}, "missing_lines": [556, 557], "excluded_lines": []}, "ManimMCPManager.__aexit__": {"executed_lines": [], "summary": {"covered_lines": 0, "num_statements": 1, "percent_covered": 0.0, "percent_covered_display": "0", "missing_lines": 1, "excluded_lines": 0}, "missing_lines": [561], "excluded_lines": []}, "ManimMCPManager.render_animation": {"executed_lines": [], "summary": {"covered_lines": 0, "num_statements": 9, "percent_covered": 0.0, "percent_covered_display": "0", "missing_lines": 9, "excluded_lines": 0}, "missing_lines": [565, 566, 567, 568, 569, 570, 573, 575, 576], "excluded_lines": []}, "ManimMCPManager.validate_setup": {"executed_lines": [], "summary": {"covered_lines": 0, "num_statements": 11, "percent_covered": 0.0, "percent_covered_display": "0", "missing_lines": 11, "excluded_lines": 0}, "missing_lines": [584, 586, 587, 590, 591, 593, 594, 596, 597, 598, 600], "excluded_lines": []}, "": {"executed_lines": [1, 3, 4, 5, 6, 7, 8, 9, 11, 13, 16, 17, 19, 33, 87, 123, 181, 290, 310, 325, 326, 351, 357, 382, 394, 404, 429, 468, 494, 519, 541, 542, 544, 554, 559, 563, 582], "summary": {"covered_lines": 34, "num_statements": 34, "percent_covered": 100.0, "percent_covered_display": "100", "missing_lines": 0, "excluded_lines": 0}, "missing_lines": [], "excluded_lines": []}}, "classes": {"ManimMCPClient": {"executed_lines": [25, 26, 27, 28, 29, 30, 31, 39, 40, 41, 43, 44, 45, 89, 92, 100, 103, 190, 192, 194, 195, 202, 203, 205, 206, 211, 212, 213, 215, 216, 221, 222, 223, 224, 226, 233, 240, 242, 244, 253, 256, 263, 265, 267, 296, 297, 307, 308, 316, 317, 319, 321, 328, 330, 332, 333, 334, 337, 338, 343, 344, 347, 348, 349, 353, 354, 355, 359, 371, 372, 374, 375, 377, 380, 396, 397, 399, 400], "summary": {"covered_lines": 78, "num_statements": 232, "percent_covered": 33.62068965517241, "percent_covered_display": "34", "missing_lines": 154, "excluded_lines": 0}, "missing_lines": [47, 49, 50, 51, 52, 55, 57, 60, 65, 66, 71, 72, 76, 78, 79, 80, 82, 83, 84, 85, 93, 94, 95, 96, 97, 104, 105, 108, 109, 110, 111, 114, 115, 117, 118, 119, 121, 133, 134, 136, 149, 151, 153, 156, 157, 158, 159, 162, 164, 165, 166, 168, 169, 172, 174, 175, 176, 177, 178, 179, 234, 235, 246, 279, 280, 281, 283, 298, 299, 301, 302, 303, 304, 305, 322, 323, 335, 378, 384, 386, 387, 388, 390, 392, 402, 406, 407, 408, 410, 411, 413, 414, 416, 417, 418, 419, 421, 422, 424, 425, 426, 427, 431, 432, 433, 451, 452, 456, 459, 460, 461, 462, 464, 465, 466, 472, 473, 474, 479, 480, 482, 485, 486, 487, 488, 490, 491, 492, 496, 497, 498, 504, 505, 507, 510, 511, 512, 513, 515, 516, 517, 521, 522, 523, 525, 526, 528, 531, 532, 533, 534, 536, 537, 538], "excluded_lines": []}, "ManimMCPManager": {"executed_lines": [], "summary": {"covered_lines": 0, "num_statements": 26, "percent_covered": 0.0, "percent_covered_display": "0", "missing_lines": 26, "excluded_lines": 0}, "missing_lines": [550, 551, 552, 556, 557, 561, 565, 566, 567, 568, 569, 570, 573, 575, 576, 584, 586, 587, 590, 591, 593, 594, 596, 597, 598, 600], "excluded_lines": []}, "": {"executed_lines": [1, 3, 4, 5, 6, 7, 8, 9, 11, 13, 16, 17, 19, 33, 87, 123, 181, 290, 310, 325, 326, 351, 357, 382, 394, 404, 429, 468, 494, 519, 541, 542, 544, 554, 559, 563, 582], "summary": {"covered_lines": 34, "num_statements": 34, "percent_covered": 100.0, "percent_covered_display": "100", "missing_lines": 0, "excluded_lines": 0}, "missing_lines": [], "excluded_lines": []}}}, "src/proof_sketcher/animator/models.py": {"executed_lines": [1, 3, 4, 5, 6, 7, 9, 12, 13, 15, 16, 17, 18, 21, 22, 24, 25, 26, 27, 30, 31, 33, 34, 35, 36, 37, 38, 39, 40, 43, 44, 47, 50, 51, 52, 55, 56, 57, 58, 61, 62, 63, 66, 67, 68, 71, 74, 77, 78, 79, 80, 84, 85, 86, 88, 90, 91, 94, 96, 97, 99, 109, 110, 112, 122, 123, 136, 137, 139, 140, 141, 142, 144, 145, 147, 150, 151, 153, 154, 155, 158, 159, 160, 165, 168, 171, 174, 175, 176, 177, 179, 180, 182, 185, 186, 188, 189, 190, 191, 193, 195, 196, 197, 199, 200, 202, 204, 205, 207, 210, 211, 214, 215, 218, 219, 224, 227, 229, 231, 234, 235, 237, 238, 240, 242, 245, 246, 249, 250, 251, 252, 254, 255, 256, 258, 260, 261, 263, 265, 266, 268, 270, 271, 273, 274, 277, 278, 281, 284, 285, 288, 293, 294, 295, 300, 301, 304, 305, 310, 313, 317, 318, 322, 323, 325, 327, 328, 332, 333, 339, 362, 363, 365, 366, 369, 370, 373, 374, 375, 380, 383, 384, 385, 388, 391, 394, 399, 400, 401, 404, 409, 412, 415, 417, 419, 421, 422, 424, 431, 432, 434, 442, 443, 445, 448, 449, 451, 454, 455, 457, 460, 461, 463, 466, 467, 469], "summary": {"covered_lines": 195, "num_statements": 208, "percent_covered": 93.75, "percent_covered_display": "94", "missing_lines": 13, "excluded_lines": 0}, "missing_lines": [89, 92, 93, 125, 320, 330, 335, 341, 349, 350, 354, 355, 360], "excluded_lines": [], "functions": {"AnimationConfig.validate_hex_color": {"executed_lines": [88, 90, 91, 94], "summary": {"covered_lines": 4, "num_statements": 7, "percent_covered": 57.142857142857146, "percent_covered_display": "57", "missing_lines": 3, "excluded_lines": 0}, "missing_lines": [89, 92, 93], "excluded_lines": []}, "AnimationConfig.preview": {"executed_lines": [99], "summary": {"covered_lines": 1, "num_statements": 1, "percent_covered": 100.0, "percent_covered_display": "100", "missing_lines": 0, "excluded_lines": 0}, "missing_lines": [], "excluded_lines": []}, "AnimationConfig.publication": {"executed_lines": [112], "summary": {"covered_lines": 1, "num_statements": 1, "percent_covered": 100.0, "percent_covered_display": "100", "missing_lines": 0, "excluded_lines": 0}, "missing_lines": [], "excluded_lines": []}, "AnimationConfig.accessible": {"executed_lines": [], "summary": {"covered_lines": 0, "num_statements": 1, "percent_covered": 0.0, "percent_covered_display": "0", "missing_lines": 1, "excluded_lines": 0}, "missing_lines": [125], "excluded_lines": []}, "AnimationSegment.calculate_duration": {"executed_lines": [195, 196, 197], "summary": {"covered_lines": 3, "num_statements": 3, "percent_covered": 100.0, "percent_covered_display": "100", "missing_lines": 0, "excluded_lines": 0}, "missing_lines": [], "excluded_lines": []}, "AnimationSegment.scene_count": {"executed_lines": [202], "summary": {"covered_lines": 1, "num_statements": 1, "percent_covered": 100.0, "percent_covered_display": "100", "missing_lines": 0, "excluded_lines": 0}, "missing_lines": [], "excluded_lines": []}, "AnimationRequest.calculate_estimated_duration": {"executed_lines": [231, 234, 235, 237, 238], "summary": {"covered_lines": 5, "num_statements": 5, "percent_covered": 100.0, "percent_covered_display": "100", "missing_lines": 0, "excluded_lines": 0}, "missing_lines": [], "excluded_lines": []}, "AnimationRequest.get_cache_key": {"executed_lines": [242, 245, 246, 249, 250, 251, 252, 254, 255, 256, 258], "summary": {"covered_lines": 11, "num_statements": 11, "percent_covered": 100.0, "percent_covered_display": "100", "missing_lines": 0, "excluded_lines": 0}, "missing_lines": [], "excluded_lines": []}, "AnimationRequest.total_scenes": {"executed_lines": [263], "summary": {"covered_lines": 1, "num_statements": 1, "percent_covered": 100.0, "percent_covered_display": "100", "missing_lines": 0, "excluded_lines": 0}, "missing_lines": [], "excluded_lines": []}, "AnimationRequest.needs_segmentation": {"executed_lines": [268], "summary": {"covered_lines": 1, "num_statements": 1, "percent_covered": 100.0, "percent_covered_display": "100", "missing_lines": 0, "excluded_lines": 0}, "missing_lines": [], "excluded_lines": []}, "AnimationResponse.cache_key": {"executed_lines": [], "summary": {"covered_lines": 0, "num_statements": 1, "percent_covered": 0.0, "percent_covered_display": "0", "missing_lines": 1, "excluded_lines": 0}, "missing_lines": [320], "excluded_lines": []}, "AnimationResponse.has_video": {"executed_lines": [325], "summary": {"covered_lines": 1, "num_statements": 1, "percent_covered": 100.0, "percent_covered_display": "100", "missing_lines": 0, "excluded_lines": 0}, "missing_lines": [], "excluded_lines": []}, "AnimationResponse.has_preview": {"executed_lines": [], "summary": {"covered_lines": 0, "num_statements": 1, "percent_covered": 0.0, "percent_covered_display": "0", "missing_lines": 1, "excluded_lines": 0}, "missing_lines": [330], "excluded_lines": []}, "AnimationResponse.has_segments": {"executed_lines": [], "summary": {"covered_lines": 0, "num_statements": 1, "percent_covered": 0.0, "percent_covered_display": "0", "missing_lines": 1, "excluded_lines": 0}, "missing_lines": [335], "excluded_lines": []}, "AnimationResponse.get_playback_info": {"executed_lines": [], "summary": {"covered_lines": 0, "num_statements": 6, "percent_covered": 0.0, "percent_covered_display": "0", "missing_lines": 6, "excluded_lines": 0}, "missing_lines": [341, 349, 350, 354, 355, 360], "excluded_lines": []}, "ManimConfig.get_server_url": {"executed_lines": [419], "summary": {"covered_lines": 1, "num_statements": 1, "percent_covered": 100.0, "percent_covered_display": "100", "missing_lines": 0, "excluded_lines": 0}, "missing_lines": [], "excluded_lines": []}, "ManimConfig.development": {"executed_lines": [424], "summary": {"covered_lines": 1, "num_statements": 1, "percent_covered": 100.0, "percent_covered_display": "100", "missing_lines": 0, "excluded_lines": 0}, "missing_lines": [], "excluded_lines": []}, "ManimConfig.production": {"executed_lines": [434], "summary": {"covered_lines": 1, "num_statements": 1, "percent_covered": 100.0, "percent_covered_display": "100", "missing_lines": 0, "excluded_lines": 0}, "missing_lines": [], "excluded_lines": []}, "": {"executed_lines": [1, 3, 4, 5, 6, 7, 9, 12, 13, 15, 16, 17, 18, 21, 22, 24, 25, 26, 27, 30, 31, 33, 34, 35, 36, 37, 38, 39, 40, 43, 44, 47, 50, 51, 52, 55, 56, 57, 58, 61, 62, 63, 66, 67, 68, 71, 74, 77, 78, 79, 80, 84, 85, 86, 96, 97, 109, 110, 122, 123, 136, 137, 139, 140, 141, 142, 144, 145, 147, 150, 151, 153, 154, 155, 158, 159, 160, 165, 168, 171, 174, 175, 176, 177, 179, 180, 182, 185, 186, 188, 189, 190, 191, 193, 199, 200, 204, 205, 207, 210, 211, 214, 215, 218, 219, 224, 227, 229, 240, 260, 261, 265, 266, 270, 271, 273, 274, 277, 278, 281, 284, 285, 288, 293, 294, 295, 300, 301, 304, 305, 310, 313, 317, 318, 322, 323, 327, 328, 332, 333, 339, 362, 363, 365, 366, 369, 370, 373, 374, 375, 380, 383, 384, 385, 388, 391, 394, 399, 400, 401, 404, 409, 412, 415, 417, 421, 422, 431, 432, 442, 443, 445, 448, 449, 451, 454, 455, 457, 460, 461, 463, 466, 467, 469], "summary": {"covered_lines": 163, "num_statements": 163, "percent_covered": 100.0, "percent_covered_display": "100", "missing_lines": 0, "excluded_lines": 0}, "missing_lines": [], "excluded_lines": []}}, "classes": {"AnimationQuality": {"executed_lines": [], "summary": {"covered_lines": 0, "num_statements": 0, "percent_covered": 100.0, "percent_covered_display": "100", "missing_lines": 0, "excluded_lines": 0}, "missing_lines": [], "excluded_lines": []}, "AnimationStyle": {"executed_lines": [], "summary": {"covered_lines": 0, "num_statements": 0, "percent_covered": 100.0, "percent_covered_display": "100", "missing_lines": 0, "excluded_lines": 0}, "missing_lines": [], "excluded_lines": []}, "TransformationType": {"executed_lines": [], "summary": {"covered_lines": 0, "num_statements": 0, "percent_covered": 100.0, "percent_covered_display": "100", "missing_lines": 0, "excluded_lines": 0}, "missing_lines": [], "excluded_lines": []}, "AnimationConfig": {"executed_lines": [88, 90, 91, 94, 99, 112], "summary": {"covered_lines": 6, "num_statements": 10, "percent_covered": 60.0, "percent_covered_display": "60", "missing_lines": 4, "excluded_lines": 0}, "missing_lines": [89, 92, 93, 125], "excluded_lines": []}, "FormulaComponent": {"executed_lines": [], "summary": {"covered_lines": 0, "num_statements": 0, "percent_covered": 100.0, "percent_covered_display": "100", "missing_lines": 0, "excluded_lines": 0}, "missing_lines": [], "excluded_lines": []}, "FormulaComponent.Config": {"executed_lines": [], "summary": {"covered_lines": 0, "num_statements": 0, "percent_covered": 100.0, "percent_covered_display": "100", "missing_lines": 0, "excluded_lines": 0}, "missing_lines": [], "excluded_lines": []}, "AnimationScene": {"executed_lines": [], "summary": {"covered_lines": 0, "num_statements": 0, "percent_covered": 100.0, "percent_covered_display": "100", "missing_lines": 0, "excluded_lines": 0}, "missing_lines": [], "excluded_lines": []}, "AnimationScene.Config": {"executed_lines": [], "summary": {"covered_lines": 0, "num_statements": 0, "percent_covered": 100.0, "percent_covered_display": "100", "missing_lines": 0, "excluded_lines": 0}, "missing_lines": [], "excluded_lines": []}, "AnimationSegment": {"executed_lines": [195, 196, 197, 202], "summary": {"covered_lines": 4, "num_statements": 4, "percent_covered": 100.0, "percent_covered_display": "100", "missing_lines": 0, "excluded_lines": 0}, "missing_lines": [], "excluded_lines": []}, "AnimationSegment.Config": {"executed_lines": [], "summary": {"covered_lines": 0, "num_statements": 0, "percent_covered": 100.0, "percent_covered_display": "100", "missing_lines": 0, "excluded_lines": 0}, "missing_lines": [], "excluded_lines": []}, "AnimationRequest": {"executed_lines": [231, 234, 235, 237, 238, 242, 245, 246, 249, 250, 251, 252, 254, 255, 256, 258, 263, 268], "summary": {"covered_lines": 18, "num_statements": 18, "percent_covered": 100.0, "percent_covered_display": "100", "missing_lines": 0, "excluded_lines": 0}, "missing_lines": [], "excluded_lines": []}, "AnimationRequest.Config": {"executed_lines": [], "summary": {"covered_lines": 0, "num_statements": 0, "percent_covered": 100.0, "percent_covered_display": "100", "missing_lines": 0, "excluded_lines": 0}, "missing_lines": [], "excluded_lines": []}, "AnimationResponse": {"executed_lines": [325], "summary": {"covered_lines": 1, "num_statements": 10, "percent_covered": 10.0, "percent_covered_display": "10", "missing_lines": 9, "excluded_lines": 0}, "missing_lines": [320, 330, 335, 341, 349, 350, 354, 355, 360], "excluded_lines": []}, "AnimationResponse.Config": {"executed_lines": [], "summary": {"covered_lines": 0, "num_statements": 0, "percent_covered": 100.0, "percent_covered_display": "100", "missing_lines": 0, "excluded_lines": 0}, "missing_lines": [], "excluded_lines": []}, "ManimConfig": {"executed_lines": [419, 424, 434], "summary": {"covered_lines": 3, "num_statements": 3, "percent_covered": 100.0, "percent_covered_display": "100", "missing_lines": 0, "excluded_lines": 0}, "missing_lines": [], "excluded_lines": []}, "ManimConfig.Config": {"executed_lines": [], "summary": {"covered_lines": 0, "num_statements": 0, "percent_covered": 100.0, "percent_covered_display": "100", "missing_lines": 0, "excluded_lines": 0}, "missing_lines": [], "excluded_lines": []}, "AnimationError": {"executed_lines": [], "summary": {"covered_lines": 0, "num_statements": 0, "percent_covered": 100.0, "percent_covered_display": "100", "missing_lines": 0, "excluded_lines": 0}, "missing_lines": [], "excluded_lines": []}, "ManimServerError": {"executed_lines": [], "summary": {"covered_lines": 0, "num_statements": 0, "percent_covered": 100.0, "percent_covered_display": "100", "missing_lines": 0, "excluded_lines": 0}, "missing_lines": [], "excluded_lines": []}, "AnimationTimeoutError": {"executed_lines": [], "summary": {"covered_lines": 0, "num_statements": 0, "percent_covered": 100.0, "percent_covered_display": "100", "missing_lines": 0, "excluded_lines": 0}, "missing_lines": [], "excluded_lines": []}, "FormulaExtractionError": {"executed_lines": [], "summary": {"covered_lines": 0, "num_statements": 0, "percent_covered": 100.0, "percent_covered_display": "100", "missing_lines": 0, "excluded_lines": 0}, "missing_lines": [], "excluded_lines": []}, "": {"executed_lines": [1, 3, 4, 5, 6, 7, 9, 12, 13, 15, 16, 17, 18, 21, 22, 24, 25, 26, 27, 30, 31, 33, 34, 35, 36, 37, 38, 39, 40, 43, 44, 47, 50, 51, 52, 55, 56, 57, 58, 61, 62, 63, 66, 67, 68, 71, 74, 77, 78, 79, 80, 84, 85, 86, 96, 97, 109, 110, 122, 123, 136, 137, 139, 140, 141, 142, 144, 145, 147, 150, 151, 153, 154, 155, 158, 159, 160, 165, 168, 171, 174, 175, 176, 177, 179, 180, 182, 185, 186, 188, 189, 190, 191, 193, 199, 200, 204, 205, 207, 210, 211, 214, 215, 218, 219, 224, 227, 229, 240, 260, 261, 265, 266, 270, 271, 273, 274, 277, 278, 281, 284, 285, 288, 293, 294, 295, 300, 301, 304, 305, 310, 313, 317, 318, 322, 323, 327, 328, 332, 333, 339, 362, 363, 365, 366, 369, 370, 373, 374, 375, 380, 383, 384, 385, 388, 391, 394, 399, 400, 401, 404, 409, 412, 415, 417, 421, 422, 431, 432, 442, 443, 445, 448, 449, 451, 454, 455, 457, 460, 461, 463, 466, 467, 469], "summary": {"covered_lines": 163, "num_statements": 163, "percent_covered": 100.0, "percent_covered_display": "100", "missing_lines": 0, "excluded_lines": 0}, "missing_lines": [], "excluded_lines": []}}}, "src/proof_sketcher/animator/scene_builder.py": {"executed_lines": [1, 3, 4, 5, 7, 8, 9, 18, 19, 21, 27, 28, 29, 31, 43, 46, 49, 57, 60, 61, 62, 63, 65, 70, 72, 84, 87, 88, 89, 92, 93, 96, 97, 98, 100, 102, 114, 117, 129, 132, 133, 145, 147, 148, 153, 154, 158, 170, 173, 175, 176, 178, 180, 181, 183, 184, 189, 190, 192, 194, 206, 209, 221, 224, 236, 238, 243, 244, 246, 259, 262, 263, 264, 267, 268, 272, 273, 274, 275, 277, 279, 283, 284, 287, 289, 302, 304, 309, 311, 312, 315, 317, 332, 334, 338, 339, 341, 343, 356, 358, 367, 369, 371, 372, 374, 375, 378, 383, 384, 387, 388, 390, 392, 394, 396, 398, 410, 411, 413, 415, 416, 418, 420, 421, 423, 424, 427, 429, 430, 431, 432, 433, 434, 436, 438, 442, 444, 446, 447, 449, 451, 452, 453, 455, 458, 459, 464, 467, 469, 472, 473, 478, 481, 485, 487, 491, 492, 494, 495, 498, 500, 504, 508, 511, 512, 513, 515, 517, 519, 523, 525, 527, 528, 529, 532, 533, 535, 537, 541, 543, 544, 545, 546, 549, 550, 551, 553, 554, 556, 561, 562, 564, 565, 567, 568, 571, 572, 581, 582, 584], "summary": {"covered_lines": 198, "num_statements": 201, "percent_covered": 98.50746268656717, "percent_covered_display": "99", "missing_lines": 3, "excluded_lines": 0}, "missing_lines": [156, 269, 482], "excluded_lines": [], "functions": {"ProofAnimationBuilder.__init__": {"executed_lines": [27, 28, 29], "summary": {"covered_lines": 3, "num_statements": 3, "percent_covered": 100.0, "percent_covered_display": "100", "missing_lines": 0, "excluded_lines": 0}, "missing_lines": [], "excluded_lines": []}, "ProofAnimationBuilder.build_animation_request": {"executed_lines": [43, 46, 49, 57, 60, 61, 62, 63, 65, 70], "summary": {"covered_lines": 10, "num_statements": 10, "percent_covered": 100.0, "percent_covered_display": "100", "missing_lines": 0, "excluded_lines": 0}, "missing_lines": [], "excluded_lines": []}, "ProofAnimationBuilder._create_segments": {"executed_lines": [84, 87, 88, 89, 92, 93, 96, 97, 98, 100], "summary": {"covered_lines": 10, "num_statements": 10, "percent_covered": 100.0, "percent_covered_display": "100", "missing_lines": 0, "excluded_lines": 0}, "missing_lines": [], "excluded_lines": []}, "ProofAnimationBuilder._create_introduction_segment": {"executed_lines": [114, 117, 129, 132, 133, 145, 147, 148, 153, 154], "summary": {"covered_lines": 10, "num_statements": 11, "percent_covered": 90.9090909090909, "percent_covered_display": "91", "missing_lines": 1, "excluded_lines": 0}, "missing_lines": [156], "excluded_lines": []}, "ProofAnimationBuilder._create_proof_segments": {"executed_lines": [170, 173, 175, 176, 178, 180, 181, 183, 184, 189, 190, 192], "summary": {"covered_lines": 12, "num_statements": 12, "percent_covered": 100.0, "percent_covered_display": "100", "missing_lines": 0, "excluded_lines": 0}, "missing_lines": [], "excluded_lines": []}, "ProofAnimationBuilder._create_conclusion_segment": {"executed_lines": [206, 209, 221, 224, 236, 238, 243, 244], "summary": {"covered_lines": 8, "num_statements": 8, "percent_covered": 100.0, "percent_covered_display": "100", "missing_lines": 0, "excluded_lines": 0}, "missing_lines": [], "excluded_lines": []}, "ProofAnimationBuilder._create_step_scenes": {"executed_lines": [259, 262, 263, 264, 267, 268, 272, 273, 274, 275, 277], "summary": {"covered_lines": 11, "num_statements": 12, "percent_covered": 91.66666666666667, "percent_covered_display": "92", "missing_lines": 1, "excluded_lines": 0}, "missing_lines": [269], "excluded_lines": []}, "ProofAnimationBuilder._create_step_intro_scene": {"executed_lines": [283, 284, 287, 289, 302], "summary": {"covered_lines": 5, "num_statements": 5, "percent_covered": 100.0, "percent_covered_display": "100", "missing_lines": 0, "excluded_lines": 0}, "missing_lines": [], "excluded_lines": []}, "ProofAnimationBuilder._create_step_transformation_scene": {"executed_lines": [309, 311, 312, 315, 317, 332], "summary": {"covered_lines": 6, "num_statements": 6, "percent_covered": 100.0, "percent_covered_display": "100", "missing_lines": 0, "excluded_lines": 0}, "missing_lines": [], "excluded_lines": []}, "ProofAnimationBuilder._create_step_conclusion_scene": {"executed_lines": [338, 339, 341, 343, 356], "summary": {"covered_lines": 5, "num_statements": 5, "percent_covered": 100.0, "percent_covered_display": "100", "missing_lines": 0, "excluded_lines": 0}, "missing_lines": [], "excluded_lines": []}, "ProofAnimationBuilder._group_proof_steps": {"executed_lines": [367, 369, 371, 372, 374, 375, 378, 383, 384, 387, 388, 390, 392, 394], "summary": {"covered_lines": 14, "num_statements": 14, "percent_covered": 100.0, "percent_covered_display": "100", "missing_lines": 0, "excluded_lines": 0}, "missing_lines": [], "excluded_lines": []}, "ProofAnimationBuilder._is_logical_break_point": {"executed_lines": [398, 410, 411], "summary": {"covered_lines": 3, "num_statements": 3, "percent_covered": 100.0, "percent_covered_display": "100", "missing_lines": 0, "excluded_lines": 0}, "missing_lines": [], "excluded_lines": []}, "ProofAnimationBuilder._contains_case_analysis": {"executed_lines": [415, 416], "summary": {"covered_lines": 2, "num_statements": 2, "percent_covered": 100.0, "percent_covered_display": "100", "missing_lines": 0, "excluded_lines": 0}, "missing_lines": [], "excluded_lines": []}, "ProofAnimationBuilder._get_segment_title": {"executed_lines": [420, 421, 423, 424, 427, 429, 430, 431, 432, 433, 434, 436], "summary": {"covered_lines": 12, "num_statements": 12, "percent_covered": 100.0, "percent_covered_display": "100", "missing_lines": 0, "excluded_lines": 0}, "missing_lines": [], "excluded_lines": []}, "ProofAnimationBuilder._extract_main_formula": {"executed_lines": [442], "summary": {"covered_lines": 1, "num_statements": 1, "percent_covered": 100.0, "percent_covered_display": "100", "missing_lines": 0, "excluded_lines": 0}, "missing_lines": [], "excluded_lines": []}, "ProofAnimationBuilder._create_proof_outline": {"executed_lines": [446, 447], "summary": {"covered_lines": 2, "num_statements": 2, "percent_covered": 100.0, "percent_covered_display": "100", "missing_lines": 0, "excluded_lines": 0}, "missing_lines": [], "excluded_lines": []}, "ProofAnimationBuilder._get_final_step_formula": {"executed_lines": [451, 452, 453], "summary": {"covered_lines": 3, "num_statements": 3, "percent_covered": 100.0, "percent_covered_display": "100", "missing_lines": 0, "excluded_lines": 0}, "missing_lines": [], "excluded_lines": []}, "ProofAnimationBuilder._extract_step_initial_formula": {"executed_lines": [458, 459, 464, 467], "summary": {"covered_lines": 4, "num_statements": 4, "percent_covered": 100.0, "percent_covered_display": "100", "missing_lines": 0, "excluded_lines": 0}, "missing_lines": [], "excluded_lines": []}, "ProofAnimationBuilder._extract_step_final_formula": {"executed_lines": [472, 473, 478, 481, 485], "summary": {"covered_lines": 5, "num_statements": 6, "percent_covered": 83.33333333333333, "percent_covered_display": "83", "missing_lines": 1, "excluded_lines": 0}, "missing_lines": [482], "excluded_lines": []}, "ProofAnimationBuilder._analyze_step_transformation": {"executed_lines": [491, 492, 494, 495, 498, 500], "summary": {"covered_lines": 6, "num_statements": 6, "percent_covered": 100.0, "percent_covered_display": "100", "missing_lines": 0, "excluded_lines": 0}, "missing_lines": [], "excluded_lines": []}, "ProofAnimationBuilder._get_step_highlights": {"executed_lines": [508, 511, 512, 513, 515, 517], "summary": {"covered_lines": 6, "num_statements": 6, "percent_covered": 100.0, "percent_covered_display": "100", "missing_lines": 0, "excluded_lines": 0}, "missing_lines": [], "excluded_lines": []}, "ProofAnimationBuilder._apply_segmentation_strategy": {"executed_lines": [523, 525, 527, 528, 529, 532, 533, 535], "summary": {"covered_lines": 8, "num_statements": 8, "percent_covered": 100.0, "percent_covered_display": "100", "missing_lines": 0, "excluded_lines": 0}, "missing_lines": [], "excluded_lines": []}, "ProofAnimationBuilder._split_segment": {"executed_lines": [541, 543, 544, 545, 546, 549, 550, 551, 553, 554, 556, 561, 562, 564, 565, 567, 568, 571, 572, 581, 582, 584], "summary": {"covered_lines": 22, "num_statements": 22, "percent_covered": 100.0, "percent_covered_display": "100", "missing_lines": 0, "excluded_lines": 0}, "missing_lines": [], "excluded_lines": []}, "": {"executed_lines": [1, 3, 4, 5, 7, 8, 9, 18, 19, 21, 31, 72, 102, 158, 194, 246, 279, 304, 334, 358, 396, 413, 418, 438, 444, 449, 455, 469, 487, 504, 519, 537], "summary": {"covered_lines": 30, "num_statements": 30, "percent_covered": 100.0, "percent_covered_display": "100", "missing_lines": 0, "excluded_lines": 0}, "missing_lines": [], "excluded_lines": []}}, "classes": {"ProofAnimationBuilder": {"executed_lines": [27, 28, 29, 43, 46, 49, 57, 60, 61, 62, 63, 65, 70, 84, 87, 88, 89, 92, 93, 96, 97, 98, 100, 114, 117, 129, 132, 133, 145, 147, 148, 153, 154, 170, 173, 175, 176, 178, 180, 181, 183, 184, 189, 190, 192, 206, 209, 221, 224, 236, 238, 243, 244, 259, 262, 263, 264, 267, 268, 272, 273, 274, 275, 277, 283, 284, 287, 289, 302, 309, 311, 312, 315, 317, 332, 338, 339, 341, 343, 356, 367, 369, 371, 372, 374, 375, 378, 383, 384, 387, 388, 390, 392, 394, 398, 410, 411, 415, 416, 420, 421, 423, 424, 427, 429, 430, 431, 432, 433, 434, 436, 442, 446, 447, 451, 452, 453, 458, 459, 464, 467, 472, 473, 478, 481, 485, 491, 492, 494, 495, 498, 500, 508, 511, 512, 513, 515, 517, 523, 525, 527, 528, 529, 532, 533, 535, 541, 543, 544, 545, 546, 549, 550, 551, 553, 554, 556, 561, 562, 564, 565, 567, 568, 571, 572, 581, 582, 584], "summary": {"covered_lines": 168, "num_statements": 171, "percent_covered": 98.24561403508773, "percent_covered_display": "98", "missing_lines": 3, "excluded_lines": 0}, "missing_lines": [156, 269, 482], "excluded_lines": []}, "": {"executed_lines": [1, 3, 4, 5, 7, 8, 9, 18, 19, 21, 31, 72, 102, 158, 194, 246, 279, 304, 334, 358, 396, 413, 418, 438, 444, 449, 455, 469, 487, 504, 519, 537], "summary": {"covered_lines": 30, "num_statements": 30, "percent_covered": 100.0, "percent_covered_display": "100", "missing_lines": 0, "excluded_lines": 0}, "missing_lines": [], "excluded_lines": []}}}, "src/proof_sketcher/cli.py": {"executed_lines": [1, 3, 4, 5, 6, 7, 8, 10, 11, 12, 13, 14, 16, 17, 18, 19, 20, 29, 30, 31, 34, 37, 39, 40, 41, 43, 51, 52, 53, 59, 65, 66, 91, 94, 95, 96, 97, 100, 101, 103, 106, 107, 108, 114, 121, 126, 132, 133, 178, 179, 182, 183, 184, 185, 186, 189, 190, 191, 193, 202, 203, 204, 205, 207, 212, 213, 214, 215, 216, 217, 218, 219, 220, 223, 224, 225, 226, 227, 228, 229, 230, 231, 233, 234, 236, 241, 245, 246, 247, 249, 250, 252, 253, 254, 257, 258, 261, 264, 265, 266, 268, 269, 270, 271, 272, 273, 274, 275, 276, 277, 278, 281, 284, 294, 300, 301, 303, 305, 306, 307, 308, 309, 310, 311, 312, 313, 314, 316, 318, 319, 321, 325, 326, 328, 330, 333, 337, 338, 339, 353, 354, 356, 359, 360, 385, 388, 389, 390, 407, 410, 411, 412, 413, 416, 417, 418, 419, 420, 423, 424, 427, 430, 431, 432, 436, 437, 440, 441, 442, 443, 445, 448, 449, 455, 456, 458, 460, 461, 463, 464, 465, 466, 467, 468, 471, 472, 497, 500, 501, 507, 508, 532, 533, 535, 536, 537, 540, 541, 542, 544, 547, 548, 551, 552, 553, 554, 559, 560, 567, 568, 569, 586, 587, 589, 590, 591, 593, 595, 596, 599, 600, 601, 602, 603, 609, 610, 611, 612, 614, 615, 616, 617, 619, 620, 621, 623, 624, 625, 628, 631, 632, 633, 634, 636, 637, 639, 641, 642, 643, 646, 647, 648, 650, 651, 652, 653, 654, 655, 656, 657, 661, 663, 664, 667, 668, 669, 670, 673, 674, 675, 678, 680, 686, 687, 688, 691, 693, 699, 706, 707, 709, 712, 713, 714, 715, 745, 748, 749, 750, 751, 752, 754, 757, 758, 760, 761, 762, 763, 764, 766, 767, 768, 769, 770, 771, 772, 773, 774, 775, 778, 779, 780, 781, 783, 785, 786, 789, 790, 792, 793, 796, 797, 799, 800, 801, 802, 803, 805, 827, 828, 830, 831, 834, 837, 838, 840, 842, 843, 844, 845, 846, 847, 848, 851, 853, 856], "summary": {"covered_lines": 345, "num_statements": 370, "percent_covered": 93.24324324324324, "percent_covered_display": "93", "missing_lines": 25, "excluded_lines": 0}, "missing_lines": [208, 209, 210, 232, 262, 341, 348, 349, 351, 352, 555, 556, 557, 564, 604, 605, 606, 659, 681, 694, 700, 701, 704, 787, 857], "excluded_lines": [], "functions": {"setup_logging": {"executed_lines": [39, 40, 41, 43], "summary": {"covered_lines": 4, "num_statements": 4, "percent_covered": 100.0, "percent_covered_display": "100", "missing_lines": 0, "excluded_lines": 0}, "missing_lines": [], "excluded_lines": []}, "cli": {"executed_lines": [91, 94, 95, 96, 97, 100, 101, 103], "summary": {"covered_lines": 8, "num_statements": 8, "percent_covered": 100.0, "percent_covered_display": "100", "missing_lines": 0, "excluded_lines": 0}, "missing_lines": [], "excluded_lines": []}, "prove": {"executed_lines": [178, 179, 182, 183, 184, 185, 186, 189, 190, 191, 193, 202, 203, 204, 205, 207, 212, 213, 214, 215, 216, 217, 218, 219, 220, 223, 224, 225, 226, 227, 228, 229, 230, 231, 233, 234, 236, 241, 245, 246, 247, 249, 250, 252, 253, 254, 257, 258, 261, 264, 265, 266, 268, 269, 270, 271, 272, 273, 274, 275, 276, 277, 278, 281, 284, 294, 300, 301, 303, 305, 306, 307, 308, 309, 310, 311, 312, 313, 314, 316, 318, 319, 321, 325, 326, 328, 330], "summary": {"covered_lines": 87, "num_statements": 92, "percent_covered": 94.56521739130434, "percent_covered_display": "95", "missing_lines": 5, "excluded_lines": 0}, "missing_lines": [208, 209, 210, 232, 262], "excluded_lines": []}, "_generate_animation": {"executed_lines": [337, 338, 339, 353, 354, 356], "summary": {"covered_lines": 6, "num_statements": 11, "percent_covered": 54.54545454545455, "percent_covered_display": "55", "missing_lines": 5, "excluded_lines": 0}, "missing_lines": [341, 348, 349, 351, 352], "excluded_lines": []}, "config": {"executed_lines": [385], "summary": {"covered_lines": 1, "num_statements": 1, "percent_covered": 100.0, "percent_covered_display": "100", "missing_lines": 0, "excluded_lines": 0}, "missing_lines": [], "excluded_lines": []}, "show": {"executed_lines": [407, 410, 411, 412, 413, 416, 417, 418, 419, 420, 423, 424, 427, 430, 431, 432, 436, 437, 440, 441, 442, 443, 445], "summary": {"covered_lines": 23, "num_statements": 23, "percent_covered": 100.0, "percent_covered_display": "100", "missing_lines": 0, "excluded_lines": 0}, "missing_lines": [], "excluded_lines": []}, "save": {"executed_lines": [458, 460, 461, 463, 464, 465, 466, 467, 468], "summary": {"covered_lines": 9, "num_statements": 9, "percent_covered": 100.0, "percent_covered_display": "100", "missing_lines": 0, "excluded_lines": 0}, "missing_lines": [], "excluded_lines": []}, "cache": {"executed_lines": [497], "summary": {"covered_lines": 1, "num_statements": 1, "percent_covered": 100.0, "percent_covered_display": "100", "missing_lines": 0, "excluded_lines": 0}, "missing_lines": [], "excluded_lines": []}, "clear": {"executed_lines": [532, 533, 535, 536, 537, 540, 541, 542, 544, 547, 548, 551, 552, 553, 554, 559, 560], "summary": {"covered_lines": 17, "num_statements": 21, "percent_covered": 80.95238095238095, "percent_covered_display": "81", "missing_lines": 4, "excluded_lines": 0}, "missing_lines": [555, 556, 557, 564], "excluded_lines": []}, "status": {"executed_lines": [586, 587, 589, 590, 591, 593, 595, 596, 599, 600, 601, 602, 603, 609, 610, 611, 612, 614, 615, 616, 617, 619, 620, 621, 623, 624, 625, 628], "summary": {"covered_lines": 28, "num_statements": 31, "percent_covered": 90.3225806451613, "percent_covered_display": "90", "missing_lines": 3, "excluded_lines": 0}, "missing_lines": [604, 605, 606], "excluded_lines": []}, "list": {"executed_lines": [636, 637, 639, 641, 642, 643, 646, 647, 648, 650, 651, 652, 653, 654, 655, 656, 657, 661, 663, 664, 667, 668, 669, 670, 673, 674, 675, 678, 680, 686, 687, 688, 691, 693, 699, 706, 707, 709], "summary": {"covered_lines": 38, "num_statements": 44, "percent_covered": 86.36363636363636, "percent_covered_display": "86", "missing_lines": 6, "excluded_lines": 0}, "missing_lines": [659, 681, 694, 700, 701, 704], "excluded_lines": []}, "list_theorems": {"executed_lines": [745, 748, 749, 750, 751, 752, 754, 757, 758, 760, 761, 762, 763, 764, 766, 767, 768, 769, 770, 771, 772, 773, 774, 775, 778, 779, 780, 781, 783, 785, 786, 789, 790, 792, 793], "summary": {"covered_lines": 35, "num_statements": 36, "percent_covered": 97.22222222222223, "percent_covered_display": "97", "missing_lines": 1, "excluded_lines": 0}, "missing_lines": [787], "excluded_lines": []}, "formats": {"executed_lines": [799, 800, 801, 802, 803, 805, 827, 828, 830, 831, 834], "summary": {"covered_lines": 11, "num_statements": 11, "percent_covered": 100.0, "percent_covered_display": "100", "missing_lines": 0, "excluded_lines": 0}, "missing_lines": [], "excluded_lines": []}, "version": {"executed_lines": [840, 842, 843, 844, 845, 846, 847, 848], "summary": {"covered_lines": 8, "num_statements": 8, "percent_covered": 100.0, "percent_covered_display": "100", "missing_lines": 0, "excluded_lines": 0}, "missing_lines": [], "excluded_lines": []}, "main": {"executed_lines": [853], "summary": {"covered_lines": 1, "num_statements": 1, "percent_covered": 100.0, "percent_covered_display": "100", "missing_lines": 0, "excluded_lines": 0}, "missing_lines": [], "excluded_lines": []}, "": {"executed_lines": [1, 3, 4, 5, 6, 7, 8, 10, 11, 12, 13, 14, 16, 17, 18, 19, 20, 29, 30, 31, 34, 37, 51, 52, 53, 59, 65, 66, 106, 107, 108, 114, 121, 126, 132, 133, 333, 359, 360, 388, 389, 390, 448, 449, 455, 456, 471, 472, 500, 501, 507, 508, 567, 568, 569, 631, 632, 633, 634, 712, 713, 714, 715, 796, 797, 837, 838, 851, 856], "summary": {"covered_lines": 68, "num_statements": 69, "percent_covered": 98.55072463768116, "percent_covered_display": "99", "missing_lines": 1, "excluded_lines": 0}, "missing_lines": [857], "excluded_lines": []}}, "classes": {"": {"executed_lines": [1, 3, 4, 5, 6, 7, 8, 10, 11, 12, 13, 14, 16, 17, 18, 19, 20, 29, 30, 31, 34, 37, 39, 40, 41, 43, 51, 52, 53, 59, 65, 66, 91, 94, 95, 96, 97, 100, 101, 103, 106, 107, 108, 114, 121, 126, 132, 133, 178, 179, 182, 183, 184, 185, 186, 189, 190, 191, 193, 202, 203, 204, 205, 207, 212, 213, 214, 215, 216, 217, 218, 219, 220, 223, 224, 225, 226, 227, 228, 229, 230, 231, 233, 234, 236, 241, 245, 246, 247, 249, 250, 252, 253, 254, 257, 258, 261, 264, 265, 266, 268, 269, 270, 271, 272, 273, 274, 275, 276, 277, 278, 281, 284, 294, 300, 301, 303, 305, 306, 307, 308, 309, 310, 311, 312, 313, 314, 316, 318, 319, 321, 325, 326, 328, 330, 333, 337, 338, 339, 353, 354, 356, 359, 360, 385, 388, 389, 390, 407, 410, 411, 412, 413, 416, 417, 418, 419, 420, 423, 424, 427, 430, 431, 432, 436, 437, 440, 441, 442, 443, 445, 448, 449, 455, 456, 458, 460, 461, 463, 464, 465, 466, 467, 468, 471, 472, 497, 500, 501, 507, 508, 532, 533, 535, 536, 537, 540, 541, 542, 544, 547, 548, 551, 552, 553, 554, 559, 560, 567, 568, 569, 586, 587, 589, 590, 591, 593, 595, 596, 599, 600, 601, 602, 603, 609, 610, 611, 612, 614, 615, 616, 617, 619, 620, 621, 623, 624, 625, 628, 631, 632, 633, 634, 636, 637, 639, 641, 642, 643, 646, 647, 648, 650, 651, 652, 653, 654, 655, 656, 657, 661, 663, 664, 667, 668, 669, 670, 673, 674, 675, 678, 680, 686, 687, 688, 691, 693, 699, 706, 707, 709, 712, 713, 714, 715, 745, 748, 749, 750, 751, 752, 754, 757, 758, 760, 761, 762, 763, 764, 766, 767, 768, 769, 770, 771, 772, 773, 774, 775, 778, 779, 780, 781, 783, 785, 786, 789, 790, 792, 793, 796, 797, 799, 800, 801, 802, 803, 805, 827, 828, 830, 831, 834, 837, 838, 840, 842, 843, 844, 845, 846, 847, 848, 851, 853, 856], "summary": {"covered_lines": 345, "num_statements": 370, "percent_covered": 93.24324324324324, "percent_covered_display": "93", "missing_lines": 25, "excluded_lines": 0}, "missing_lines": [208, 209, 210, 232, 262, 341, 348, 349, 351, 352, 555, 556, 557, 564, 604, 605, 606, 659, 681, 694, 700, 701, 704, 787, 857], "excluded_lines": []}}}, "src/proof_sketcher/config/__init__.py": {"executed_lines": [1, 10, 19, 21], "summary": {"covered_lines": 3, "num_statements": 3, "percent_covered": 100.0, "percent_covered_display": "100", "missing_lines": 0, "excluded_lines": 0}, "missing_lines": [], "excluded_lines": [], "functions": {"": {"executed_lines": [1, 10, 19, 21], "summary": {"covered_lines": 3, "num_statements": 3, "percent_covered": 100.0, "percent_covered_display": "100", "missing_lines": 0, "excluded_lines": 0}, "missing_lines": [], "excluded_lines": []}}, "classes": {"": {"executed_lines": [1, 10, 19, 21], "summary": {"covered_lines": 3, "num_statements": 3, "percent_covered": 100.0, "percent_covered_display": "100", "missing_lines": 0, "excluded_lines": 0}, "missing_lines": [], "excluded_lines": []}}}, "src/proof_sketcher/config/config.py": {"executed_lines": [1, 10, 11, 12, 13, 15, 16, 17, 19, 20, 21, 24, 25, 28, 29, 30, 33, 36, 39, 40, 45, 48, 51, 56, 59, 60, 61, 66, 67, 68, 73, 76, 77, 78, 80, 81, 83, 86, 87, 88, 95, 96, 97, 98, 99, 102, 103, 104, 105, 108, 111, 115, 116, 132, 135, 136, 137, 140, 141, 145, 146, 147, 152, 155, 157, 159, 161, 162, 163, 165, 166, 170, 172, 173, 174, 176, 181, 192, 195, 196, 197, 198, 199, 200, 201, 202, 205, 207, 211, 212, 213, 214, 215, 217, 219, 220, 222, 233, 235, 236, 237, 240, 242, 244, 245, 246, 248, 249, 251, 252, 253, 257, 259, 260, 261, 262, 268, 271, 273, 274, 275, 276, 279, 280, 281, 282, 283, 285, 287, 288, 290, 292, 295, 296, 300, 301, 302, 303, 304, 306, 307, 308, 312, 313, 315, 322, 323, 326, 341, 343, 344, 345, 346, 347, 348, 349, 350, 352, 354, 356, 357, 358, 359, 360, 361, 365, 367, 385, 388, 395, 397, 400, 407, 410, 413, 417], "summary": {"covered_lines": 172, "num_statements": 206, "percent_covered": 83.49514563106796, "percent_covered_display": "83", "missing_lines": 34, "excluded_lines": 0}, "missing_lines": [142, 148, 149, 167, 168, 177, 178, 179, 183, 184, 185, 187, 188, 189, 190, 206, 208, 216, 218, 254, 255, 263, 264, 265, 266, 272, 284, 286, 297, 309, 310, 324, 363, 396], "excluded_lines": [], "functions": {"ProofSketcherConfig.load": {"executed_lines": [132, 135, 136, 137, 140, 141, 145, 146, 147, 152, 155, 157], "summary": {"covered_lines": 12, "num_statements": 15, "percent_covered": 80.0, "percent_covered_display": "80", "missing_lines": 3, "excluded_lines": 0}, "missing_lines": [142, 148, 149], "excluded_lines": []}, "ProofSketcherConfig._load_from_yaml": {"executed_lines": [161, 162, 163, 165, 166], "summary": {"covered_lines": 5, "num_statements": 7, "percent_covered": 71.42857142857143, "percent_covered_display": "71", "missing_lines": 2, "excluded_lines": 0}, "missing_lines": [167, 168], "excluded_lines": []}, "ProofSketcherConfig._load_from_pyproject": {"executed_lines": [172, 173, 174, 176], "summary": {"covered_lines": 4, "num_statements": 7, "percent_covered": 57.142857142857146, "percent_covered_display": "57", "missing_lines": 3, "excluded_lines": 0}, "missing_lines": [177, 178, 179], "excluded_lines": []}, "ProofSketcherConfig._load_from_toml": {"executed_lines": [], "summary": {"covered_lines": 0, "num_statements": 7, "percent_covered": 0.0, "percent_covered_display": "0", "missing_lines": 7, "excluded_lines": 0}, "missing_lines": [183, 184, 185, 187, 188, 189, 190], "excluded_lines": []}, "ProofSketcherConfig._apply_config_dict": {"executed_lines": [195, 196, 197, 198, 199, 200, 201, 202, 205, 207, 211, 212, 213, 214, 215, 217, 219, 220], "summary": {"covered_lines": 18, "num_statements": 22, "percent_covered": 81.81818181818181, "percent_covered_display": "82", "missing_lines": 4, "excluded_lines": 0}, "missing_lines": [206, 208, 216, 218], "excluded_lines": []}, "ProofSketcherConfig._apply_env_overrides": {"executed_lines": [233, 235, 236, 237, 240, 242, 244, 245, 246, 248, 249, 251, 252, 253], "summary": {"covered_lines": 14, "num_statements": 16, "percent_covered": 87.5, "percent_covered_display": "88", "missing_lines": 2, "excluded_lines": 0}, "missing_lines": [254, 255], "excluded_lines": []}, "ProofSketcherConfig._set_value": {"executed_lines": [259, 260, 261, 262], "summary": {"covered_lines": 4, "num_statements": 8, "percent_covered": 50.0, "percent_covered_display": "50", "missing_lines": 4, "excluded_lines": 0}, "missing_lines": [263, 264, 265, 266], "excluded_lines": []}, "ProofSketcherConfig._set_component_value": {"executed_lines": [271, 273, 274, 275, 276, 279, 280, 281, 282, 283, 285, 287, 288], "summary": {"covered_lines": 13, "num_statements": 16, "percent_covered": 81.25, "percent_covered_display": "81", "missing_lines": 3, "excluded_lines": 0}, "missing_lines": [272, 284, 286], "excluded_lines": []}, "ProofSketcherConfig._validate": {"executed_lines": [292, 295, 296, 300, 301, 302, 303, 304, 306, 307, 308, 312, 313], "summary": {"covered_lines": 13, "num_statements": 16, "percent_covered": 81.25, "percent_covered_display": "81", "missing_lines": 3, "excluded_lines": 0}, "missing_lines": [297, 309, 310], "excluded_lines": []}, "ProofSketcherConfig.save": {"executed_lines": [322, 323, 326, 341, 354, 356, 357, 358, 359, 360, 361], "summary": {"covered_lines": 11, "num_statements": 13, "percent_covered": 84.61538461538461, "percent_covered_display": "85", "missing_lines": 2, "excluded_lines": 0}, "missing_lines": [324, 363], "excluded_lines": []}, "ProofSketcherConfig.save.convert_values": {"executed_lines": [343, 344, 345, 346, 347, 348, 349, 350, 352], "summary": {"covered_lines": 9, "num_statements": 9, "percent_covered": 100.0, "percent_covered_display": "100", "missing_lines": 0, "excluded_lines": 0}, "missing_lines": [], "excluded_lines": []}, "ProofSketcherConfig.to_dict": {"executed_lines": [367], "summary": {"covered_lines": 1, "num_statements": 1, "percent_covered": 100.0, "percent_covered_display": "100", "missing_lines": 0, "excluded_lines": 0}, "missing_lines": [], "excluded_lines": []}, "get_config": {"executed_lines": [395, 397], "summary": {"covered_lines": 2, "num_statements": 3, "percent_covered": 66.66666666666667, "percent_covered_display": "67", "missing_lines": 1, "excluded_lines": 0}, "missing_lines": [396], "excluded_lines": []}, "set_config": {"executed_lines": [407], "summary": {"covered_lines": 1, "num_statements": 1, "percent_covered": 100.0, "percent_covered_display": "100", "missing_lines": 0, "excluded_lines": 0}, "missing_lines": [], "excluded_lines": []}, "reset_config": {"executed_lines": [413], "summary": {"covered_lines": 1, "num_statements": 1, "percent_covered": 100.0, "percent_covered_display": "100", "missing_lines": 0, "excluded_lines": 0}, "missing_lines": [], "excluded_lines": []}, "": {"executed_lines": [1, 10, 11, 12, 13, 15, 16, 17, 19, 20, 21, 24, 25, 28, 29, 30, 33, 36, 39, 40, 45, 48, 51, 56, 59, 60, 61, 66, 67, 68, 73, 76, 77, 78, 80, 81, 83, 86, 87, 88, 95, 96, 97, 98, 99, 102, 103, 104, 105, 108, 111, 115, 116, 159, 170, 181, 192, 222, 257, 268, 290, 315, 365, 385, 388, 400, 410, 417], "summary": {"covered_lines": 64, "num_statements": 64, "percent_covered": 100.0, "percent_covered_display": "100", "missing_lines": 0, "excluded_lines": 0}, "missing_lines": [], "excluded_lines": []}}, "classes": {"ExportConfig": {"executed_lines": [], "summary": {"covered_lines": 0, "num_statements": 0, "percent_covered": 100.0, "percent_covered_display": "100", "missing_lines": 0, "excluded_lines": 0}, "missing_lines": [], "excluded_lines": []}, "ExportConfig.Config": {"executed_lines": [], "summary": {"covered_lines": 0, "num_statements": 0, "percent_covered": 100.0, "percent_covered_display": "100", "missing_lines": 0, "excluded_lines": 0}, "missing_lines": [], "excluded_lines": []}, "ProofSketcherConfig": {"executed_lines": [132, 135, 136, 137, 140, 141, 145, 146, 147, 152, 155, 157, 161, 162, 163, 165, 166, 172, 173, 174, 176, 195, 196, 197, 198, 199, 200, 201, 202, 205, 207, 211, 212, 213, 214, 215, 217, 219, 220, 233, 235, 236, 237, 240, 242, 244, 245, 246, 248, 249, 251, 252, 253, 259, 260, 261, 262, 271, 273, 274, 275, 276, 279, 280, 281, 282, 283, 285, 287, 288, 292, 295, 296, 300, 301, 302, 303, 304, 306, 307, 308, 312, 313, 322, 323, 326, 341, 343, 344, 345, 346, 347, 348, 349, 350, 352, 354, 356, 357, 358, 359, 360, 361, 367], "summary": {"covered_lines": 104, "num_statements": 137, "percent_covered": 75.91240875912409, "percent_covered_display": "76", "missing_lines": 33, "excluded_lines": 0}, "missing_lines": [142, 148, 149, 167, 168, 177, 178, 179, 183, 184, 185, 187, 188, 189, 190, 206, 208, 216, 218, 254, 255, 263, 264, 265, 266, 272, 284, 286, 297, 309, 310, 324, 363], "excluded_lines": []}, "": {"executed_lines": [1, 10, 11, 12, 13, 15, 16, 17, 19, 20, 21, 24, 25, 28, 29, 30, 33, 36, 39, 40, 45, 48, 51, 56, 59, 60, 61, 66, 67, 68, 73, 76, 77, 78, 80, 81, 83, 86, 87, 88, 95, 96, 97, 98, 99, 102, 103, 104, 105, 108, 111, 115, 116, 159, 170, 181, 192, 222, 257, 268, 290, 315, 365, 385, 388, 395, 397, 400, 407, 410, 413, 417], "summary": {"covered_lines": 68, "num_statements": 69, "percent_covered": 98.55072463768116, "percent_covered_display": "99", "missing_lines": 1, "excluded_lines": 0}, "missing_lines": [396], "excluded_lines": []}}}, "src/proof_sketcher/core/__init__.py": {"executed_lines": [1, 10, 25, 33, 44, 58], "summary": {"covered_lines": 5, "num_statements": 5, "percent_covered": 100.0, "percent_covered_display": "100", "missing_lines": 0, "excluded_lines": 0}, "missing_lines": [], "excluded_lines": [], "functions": {"": {"executed_lines": [1, 10, 25, 33, 44, 58], "summary": {"covered_lines": 5, "num_statements": 5, "percent_covered": 100.0, "percent_covered_display": "100", "missing_lines": 0, "excluded_lines": 0}, "missing_lines": [], "excluded_lines": []}}, "classes": {"": {"executed_lines": [1, 10, 25, 33, 44, 58], "summary": {"covered_lines": 5, "num_statements": 5, "percent_covered": 100.0, "percent_covered_display": "100", "missing_lines": 0, "excluded_lines": 0}, "missing_lines": [], "excluded_lines": []}}}, "src/proof_sketcher/core/exceptions.py": {"executed_lines": [1, 7, 10, 11, 19, 32, 33, 34, 35, 37, 39, 40, 41, 45, 46, 48, 51, 52, 54, 57, 58, 60, 63, 64, 66, 70, 71, 73, 76, 77, 79, 82, 83, 85, 88, 89, 91, 95, 96, 98, 101, 102, 104, 107, 108, 110, 113, 114, 116, 120, 121, 123, 126, 127, 129, 132, 133, 135, 138, 139, 141, 145, 146, 148, 151, 152, 154, 157, 158, 160, 164, 165, 167, 170, 171, 173, 176, 177, 179, 182, 183, 185, 189, 190, 192, 195, 196, 198, 201, 202, 204], "summary": {"covered_lines": 63, "num_statements": 63, "percent_covered": 100.0, "percent_covered_display": "100", "missing_lines": 0, "excluded_lines": 0}, "missing_lines": [], "excluded_lines": [], "functions": {"ProofSketcherError.__init__": {"executed_lines": [32, 33, 34, 35], "summary": {"covered_lines": 4, "num_statements": 4, "percent_covered": 100.0, "percent_covered_display": "100", "missing_lines": 0, "excluded_lines": 0}, "missing_lines": [], "excluded_lines": []}, "ProofSketcherError.__str__": {"executed_lines": [39, 40, 41], "summary": {"covered_lines": 3, "num_statements": 3, "percent_covered": 100.0, "percent_covered_display": "100", "missing_lines": 0, "excluded_lines": 0}, "missing_lines": [], "excluded_lines": []}, "": {"executed_lines": [1, 7, 10, 11, 19, 37, 45, 46, 48, 51, 52, 54, 57, 58, 60, 63, 64, 66, 70, 71, 73, 76, 77, 79, 82, 83, 85, 88, 89, 91, 95, 96, 98, 101, 102, 104, 107, 108, 110, 113, 114, 116, 120, 121, 123, 126, 127, 129, 132, 133, 135, 138, 139, 141, 145, 146, 148, 151, 152, 154, 157, 158, 160, 164, 165, 167, 170, 171, 173, 176, 177, 179, 182, 183, 185, 189, 190, 192, 195, 196, 198, 201, 202, 204], "summary": {"covered_lines": 56, "num_statements": 56, "percent_covered": 100.0, "percent_covered_display": "100", "missing_lines": 0, "excluded_lines": 0}, "missing_lines": [], "excluded_lines": []}}, "classes": {"ProofSketcherError": {"executed_lines": [32, 33, 34, 35, 39, 40, 41], "summary": {"covered_lines": 7, "num_statements": 7, "percent_covered": 100.0, "percent_covered_display": "100", "missing_lines": 0, "excluded_lines": 0}, "missing_lines": [], "excluded_lines": []}, "ParserError": {"executed_lines": [], "summary": {"covered_lines": 0, "num_statements": 0, "percent_covered": 100.0, "percent_covered_display": "100", "missing_lines": 0, "excluded_lines": 0}, "missing_lines": [], "excluded_lines": []}, "LeanExecutableError": {"executed_lines": [], "summary": {"covered_lines": 0, "num_statements": 0, "percent_covered": 100.0, "percent_covered_display": "100", "missing_lines": 0, "excluded_lines": 0}, "missing_lines": [], "excluded_lines": []}, "LeanSyntaxError": {"executed_lines": [], "summary": {"covered_lines": 0, "num_statements": 0, "percent_covered": 100.0, "percent_covered_display": "100", "missing_lines": 0, "excluded_lines": 0}, "missing_lines": [], "excluded_lines": []}, "LeanTimeoutError": {"executed_lines":
[...]
y": "0", "missing_lines": 1, "excluded_lines": 0}, "missing_lines": [709], "excluded_lines": []}, "": {"executed_lines": [1, 3, 5, 7, 8, 11, 12, 14, 24, 32, 44, 45, 154, 155, 233, 234, 343, 344, 468, 469, 584, 602, 628, 631, 649, 667, 685, 703], "summary": {"covered_lines": 26, "num_statements": 26, "percent_covered": 100.0, "percent_covered_display": "100", "missing_lines": 0, "excluded_lines": 0}, "missing_lines": [], "excluded_lines": []}}, "classes": {"PromptTemplates": {"executed_lines": [16, 21, 22, 26, 27, 28, 29, 30, 35, 36, 37, 38, 39, 40, 41, 42, 47, 152, 157, 231, 236, 341, 346, 466, 471, 582, 586, 594, 595, 596, 600, 614, 616], "summary": {"covered_lines": 33, "num_statements": 33, "percent_covered": 100.0, "percent_covered_display": "100", "missing_lines": 0, "excluded_lines": 0}, "missing_lines": [], "excluded_lines": []}, "": {"executed_lines": [1, 3, 5, 7, 8, 11, 12, 14, 24, 32, 44, 45, 154, 155, 233, 234, 343, 344, 468, 469, 584, 602, 628, 631, 637, 649, 655, 667, 673, 685, 691, 703], "summary": {"covered_lines": 30, "num_statements": 31, "percent_covered": 96.7741935483871, "percent_covered_display": "97", "missing_lines": 1, "excluded_lines": 0}, "missing_lines": [709], "excluded_lines": []}}}, "src/proof_sketcher/parser/__init__.py": {"executed_lines": [1, 35, 36, 37, 39], "summary": {"covered_lines": 4, "num_statements": 4, "percent_covered": 100.0, "percent_covered_display": "100", "missing_lines": 0, "excluded_lines": 0}, "missing_lines": [], "excluded_lines": [], "functions": {"": {"executed_lines": [1, 35, 36, 37, 39], "summary": {"covered_lines": 4, "num_statements": 4, "percent_covered": 100.0, "percent_covered_display": "100", "missing_lines": 0, "excluded_lines": 0}, "missing_lines": [], "excluded_lines": []}}, "classes": {"": {"executed_lines": [1, 35, 36, 37, 39], "summary": {"covered_lines": 4, "num_statements": 4, "percent_covered": 100.0, "percent_covered_display": "100", "missing_lines": 0, "excluded_lines": 0}, "missing_lines": [], "excluded_lines": []}}}, "src/proof_sketcher/parser/config.py": {"executed_lines": [1, 3, 4, 5, 8, 9, 10, 12, 13, 14, 15, 17, 19, 20, 23, 24, 25, 28, 29, 32, 33, 34, 37, 40, 41, 44, 45, 46, 49, 51, 53, 54, 56, 58, 60, 61, 63, 66, 69, 72, 75, 78, 80, 81, 83, 85, 86, 88, 96, 97, 99], "summary": {"covered_lines": 48, "num_statements": 53, "percent_covered": 90.56603773584905, "percent_covered_display": "91", "missing_lines": 5, "excluded_lines": 0}, "missing_lines": [64, 67, 70, 73, 76], "excluded_lines": [], "functions": {"RetryConfig.get_delay": {"executed_lines": [19, 20], "summary": {"covered_lines": 2, "num_statements": 2, "percent_covered": 100.0, "percent_covered_display": "100", "missing_lines": 0, "excluded_lines": 0}, "missing_lines": [], "excluded_lines": []}, "ParserConfig.__post_init__": {"executed_lines": [53, 54], "summary": {"covered_lines": 2, "num_statements": 2, "percent_covered": 100.0, "percent_covered_display": "100", "missing_lines": 0, "excluded_lines": 0}, "missing_lines": [], "excluded_lines": []}, "ParserConfig.validate": {"executed_lines": [58, 60, 61, 63, 66, 69, 72, 75, 78], "summary": {"covered_lines": 9, "num_statements": 14, "percent_covered": 64.28571428571429, "percent_covered_display": "64", "missing_lines": 5, "excluded_lines": 0}, "missing_lines": [64, 67, 70, 73, 76], "excluded_lines": []}, "ParserConfig.default": {"executed_lines": [83], "summary": {"covered_lines": 1, "num_statements": 1, "percent_covered": 100.0, "percent_covered_display": "100", "missing_lines": 0, "excluded_lines": 0}, "missing_lines": [], "excluded_lines": []}, "ParserConfig.fast": {"executed_lines": [88], "summary": {"covered_lines": 1, "num_statements": 1, "percent_covered": 100.0, "percent_covered_display": "100", "missing_lines": 0, "excluded_lines": 0}, "missing_lines": [], "excluded_lines": []}, "ParserConfig.robust": {"executed_lines": [99], "summary": {"covered_lines": 1, "num_statements": 1, "percent_covered": 100.0, "percent_covered_display": "100", "missing_lines": 0, "excluded_lines": 0}, "missing_lines": [], "excluded_lines": []}, "": {"executed_lines": [1, 3, 4, 5, 8, 9, 10, 12, 13, 14, 15, 17, 23, 24, 25, 28, 29, 32, 33, 34, 37, 40, 41, 44, 45, 46, 49, 51, 56, 80, 81, 85, 86, 96, 97], "summary": {"covered_lines": 32, "num_statements": 32, "percent_covered": 100.0, "percent_covered_display": "100", "missing_lines": 0, "excluded_lines": 0}, "missing_lines": [], "excluded_lines": []}}, "classes": {"RetryConfig": {"executed_lines": [19, 20], "summary": {"covered_lines": 2, "num_statements": 2, "percent_covered": 100.0, "percent_covered_display": "100", "missing_lines": 0, "excluded_lines": 0}, "missing_lines": [], "excluded_lines": []}, "ParserConfig": {"executed_lines": [53, 54, 58, 60, 61, 63, 66, 69, 72, 75, 78, 83, 88, 99], "summary": {"covered_lines": 14, "num_statements": 19, "percent_covered": 73.6842105263158, "percent_covered_display": "74", "missing_lines": 5, "excluded_lines": 0}, "missing_lines": [64, 67, 70, 73, 76], "excluded_lines": []}, "": {"executed_lines": [1, 3, 4, 5, 8, 9, 10, 12, 13, 14, 15, 17, 23, 24, 25, 28, 29, 32, 33, 34, 37, 40, 41, 44, 45, 46, 49, 51, 56, 80, 81, 85, 86, 96, 97], "summary": {"covered_lines": 32, "num_statements": 32, "percent_covered": 100.0, "percent_covered_display": "100", "missing_lines": 0, "excluded_lines": 0}, "missing_lines": [], "excluded_lines": []}}}, "src/proof_sketcher/parser/lean_parser.py": {"executed_lines": [1, 3, 4, 5, 6, 7, 8, 9, 10, 12, 17, 18, 19, 22, 23, 25, 31, 32, 33, 36, 37, 38, 44, 53, 55, 57, 58, 63, 64, 72, 73, 76, 77, 78, 79, 82, 85, 86, 88, 89, 94, 97, 99, 101, 109, 110, 111, 116, 122, 134, 135, 139, 140, 141, 142, 143, 144, 147, 148, 151, 152, 153, 156, 157, 159, 160, 161, 162, 165, 167, 168, 179, 180, 181, 182, 185, 187, 189, 191, 197, 199, 200, 203, 206, 207, 213, 214, 217, 220, 221, 228, 229, 230, 232, 234, 235, 236, 238, 240, 241, 242, 244, 246, 248, 257, 259, 261, 262, 264, 265, 266, 267, 268, 270, 271, 272, 274, 277, 288, 289, 291, 292, 300, 301, 309, 311, 312, 329, 331, 343, 344, 346, 347, 350, 351, 352, 355, 357, 358, 359, 386, 388, 390, 394, 397, 399, 401, 420, 436, 437, 438, 441, 442, 452, 455, 456, 460, 462, 464, 465, 467, 475, 477, 478, 479, 480, 481, 482, 484, 486, 487, 488, 489, 490, 491, 492, 494, 496, 497, 499, 501, 502, 504, 505, 507, 508, 509, 510, 511, 513, 521, 523, 525, 527, 528, 530, 531, 533, 536, 537, 538, 541, 542, 543, 544, 545, 546, 547, 548, 549, 550, 551, 554, 555, 556, 558, 560, 561, 563, 565, 567, 569, 570, 571, 573, 575, 578, 580, 582, 583, 584, 585, 587, 588, 590, 591, 592, 593, 594, 595, 596, 597, 598, 600, 603, 604, 605, 607, 609, 612, 613, 614, 616, 618, 619, 625, 626, 627, 629, 631, 632, 638, 639, 640, 642, 644, 645, 651, 652, 653, 654, 655, 657, 659, 660, 666, 667, 668, 669, 670], "summary": {"covered_lines": 278, "num_statements": 294, "percent_covered": 94.5578231292517, "percent_covered_display": "95", "missing_lines": 16, "excluded_lines": 0}, "missing_lines": [278, 285, 320, 321, 361, 362, 363, 364, 366, 373, 374, 375, 376, 378, 576, 610], "excluded_lines": [], "functions": {"LeanParser.__init__": {"executed_lines": [31, 32, 33, 36, 37, 38], "summary": {"covered_lines": 6, "num_statements": 6, "percent_covered": 100.0, "percent_covered_display": "100", "missing_lines": 0, "excluded_lines": 0}, "missing_lines": [], "excluded_lines": []}, "LeanParser.parse_file": {"executed_lines": [53, 55, 57, 58, 63, 64, 72, 73, 76, 77, 78, 79, 82, 85, 86, 88, 89, 94, 97, 99, 101, 109, 110, 111, 116], "summary": {"covered_lines": 25, "num_statements": 25, "percent_covered": 100.0, "percent_covered_display": "100", "missing_lines": 0, "excluded_lines": 0}, "missing_lines": [], "excluded_lines": []}, "LeanParser.parse_theorem": {"executed_lines": [134, 135, 139, 140, 141, 142, 143, 144, 147, 148, 151, 152, 153, 156, 157, 159, 160, 161, 162, 165, 167, 168, 179, 180, 181, 182, 185, 187, 189], "summary": {"covered_lines": 29, "num_statements": 29, "percent_covered": 100.0, "percent_covered_display": "100", "missing_lines": 0, "excluded_lines": 0}, "missing_lines": [], "excluded_lines": []}, "LeanParser.validate_lean_setup": {"executed_lines": [197, 199, 200, 203, 206, 207, 213, 214, 217, 220, 221, 228, 229, 230, 232, 234, 235, 236, 238, 240, 241, 242], "summary": {"covered_lines": 22, "num_statements": 22, "percent_covered": 100.0, "percent_covered_display": "100", "missing_lines": 0, "excluded_lines": 0}, "missing_lines": [], "excluded_lines": []}, "LeanParser._can_use_lean_extractor": {"executed_lines": [246], "summary": {"covered_lines": 1, "num_statements": 1, "percent_covered": 100.0, "percent_covered_display": "100", "missing_lines": 0, "excluded_lines": 0}, "missing_lines": [], "excluded_lines": []}, "LeanParser._setup_lake_project": {"executed_lines": [257, 259, 261, 262, 264, 265, 266, 267, 268, 270, 271, 272, 274, 277, 288, 289, 291, 292, 300, 301, 309, 311, 312, 329], "summary": {"covered_lines": 24, "num_statements": 28, "percent_covered": 85.71428571428571, "percent_covered_display": "86", "missing_lines": 4, "excluded_lines": 0}, "missing_lines": [278, 285, 320, 321], "excluded_lines": []}, "LeanParser._extract_all_theorems_with_lean": {"executed_lines": [343, 344, 346, 347, 350, 351, 352, 355, 357, 358, 359, 386, 388], "summary": {"covered_lines": 13, "num_statements": 23, "percent_covered": 56.52173913043478, "percent_covered_display": "57", "missing_lines": 10, "excluded_lines": 0}, "missing_lines": [361, 362, 363, 364, 366, 373, 374, 375, 376, 378], "excluded_lines": []}, "LeanParser._extract_single_theorem_with_lean": {"executed_lines": [394, 397, 399, 401, 420, 436, 437, 438, 441, 442, 452, 455, 456, 460], "summary": {"covered_lines": 14, "num_statements": 14, "percent_covered": 100.0, "percent_covered_display": "100", "missing_lines": 0, "excluded_lines": 0}, "missing_lines": [], "excluded_lines": []}, "LeanParser._create_metadata": {"executed_lines": [464, 465, 467], "summary": {"covered_lines": 3, "num_statements": 3, "percent_covered": 100.0, "percent_covered_display": "100", "missing_lines": 0, "excluded_lines": 0}, "missing_lines": [], "excluded_lines": []}, "LeanParser._find_lake_project": {"executed_lines": [477, 478, 479, 480, 481, 482], "summary": {"covered_lines": 6, "num_statements": 6, "percent_covered": 100.0, "percent_covered_display": "100", "missing_lines": 0, "excluded_lines": 0}, "missing_lines": [], "excluded_lines": []}, "LeanParser._extract_imports": {"executed_lines": [486, 487, 488, 489, 490, 491, 492], "summary": {"covered_lines": 7, "num_statements": 7, "percent_covered": 100.0, "percent_covered_display": "100", "missing_lines": 0, "excluded_lines": 0}, "missing_lines": [], "excluded_lines": []}, "LeanParser._extract_theorems_basic": {"executed_lines": [496, 497, 499, 501, 502, 504, 505, 507, 508, 509, 510, 511, 513, 521, 523], "summary": {"covered_lines": 15, "num_statements": 15, "percent_covered": 100.0, "percent_covered_display": "100", "missing_lines": 0, "excluded_lines": 0}, "missing_lines": [], "excluded_lines": []}, "LeanParser._extract_statement": {"executed_lines": [527, 528, 530, 531, 533, 536, 537, 538, 541, 542, 543, 544, 545, 546, 547, 548, 549, 550, 551, 554, 555, 556, 558, 560, 561, 563, 565, 567, 569, 570, 571, 573, 575, 578], "summary": {"covered_lines": 34, "num_statements": 35, "percent_covered": 97.14285714285714, "percent_covered_display": "97", "missing_lines": 1, "excluded_lines": 0}, "missing_lines": [576], "excluded_lines": []}, "LeanParser._extract_proof": {"executed_lines": [582, 583, 584, 585, 587, 588, 590, 591, 592, 593, 594, 595, 596, 597, 598, 600, 603, 604, 605, 607, 609, 612, 613, 614], "summary": {"covered_lines": 24, "num_statements": 25, "percent_covered": 96.0, "percent_covered_display": "96", "missing_lines": 1, "excluded_lines": 0}, "missing_lines": [610], "excluded_lines": []}, "LeanParser.check_lean_available": {"executed_lines": [618, 619, 625, 626, 627], "summary": {"covered_lines": 5, "num_statements": 5, "percent_covered": 100.0, "percent_covered_display": "100", "missing_lines": 0, "excluded_lines": 0}, "missing_lines": [], "excluded_lines": []}, "LeanParser.check_lake_available": {"executed_lines": [631, 632, 638, 639, 640], "summary": {"covered_lines": 5, "num_statements": 5, "percent_covered": 100.0, "percent_covered_display": "100", "missing_lines": 0, "excluded_lines": 0}, "missing_lines": [], "excluded_lines": []}, "LeanParser.get_lean_version": {"executed_lines": [644, 645, 651, 652, 653, 654, 655], "summary": {"covered_lines": 7, "num_statements": 7, "percent_covered": 100.0, "percent_covered_display": "100", "missing_lines": 0, "excluded_lines": 0}, "missing_lines": [], "excluded_lines": []}, "LeanParser.get_lake_version": {"executed_lines": [659, 660, 666, 667, 668, 669, 670], "summary": {"covered_lines": 7, "num_statements": 7, "percent_covered": 100.0, "percent_covered_display": "100", "missing_lines": 0, "excluded_lines": 0}, "missing_lines": [], "excluded_lines": []}, "": {"executed_lines": [1, 3, 4, 5, 6, 7, 8, 9, 10, 12, 17, 18, 19, 22, 23, 25, 44, 122, 191, 244, 248, 331, 390, 462, 475, 484, 494, 525, 580, 616, 629, 642, 657], "summary": {"covered_lines": 31, "num_statements": 31, "percent_covered": 100.0, "percent_covered_display": "100", "missing_lines": 0, "excluded_lines": 0}, "missing_lines": [], "excluded_lines": []}}, "classes": {"LeanParser": {"executed_lines": [31, 32, 33, 36, 37, 38, 53, 55, 57, 58, 63, 64, 72, 73, 76, 77, 78, 79, 82, 85, 86, 88, 89, 94, 97, 99, 101, 109, 110, 111, 116, 134, 135, 139, 140, 141, 142, 143, 144, 147, 148, 151, 152, 153, 156, 157, 159, 160, 161, 162, 165, 167, 168, 179, 180, 181, 182, 185, 187, 189, 197, 199, 200, 203, 206, 207, 213, 214, 217, 220, 221, 228, 229, 230, 232, 234, 235, 236, 238, 240, 241, 242, 246, 257, 259, 261, 262, 264, 265, 266, 267, 268, 270, 271, 272, 274, 277, 288, 289, 291, 292, 300, 301, 309, 311, 312, 329, 343, 344, 346, 347, 350, 351, 352, 355, 357, 358, 359, 386, 388, 394, 397, 399, 401, 420, 436, 437, 438, 441, 442, 452, 455, 456, 460, 464, 465, 467, 477, 478, 479, 480, 481, 482, 486, 487, 488, 489, 490, 491, 492, 496, 497, 499, 501, 502, 504, 505, 507, 508, 509, 510, 511, 513, 521, 523, 527, 528, 530, 531, 533, 536, 537, 538, 541, 542, 543, 544, 545, 546, 547, 548, 549, 550, 551, 554, 555, 556, 558, 560, 561, 563, 565, 567, 569, 570, 571, 573, 575, 578, 582, 583, 584, 585, 587, 588, 590, 591, 592, 593, 594, 595, 596, 597, 598, 600, 603, 604, 605, 607, 609, 612, 613, 614, 618, 619, 625, 626, 627, 631, 632, 638, 639, 640, 644, 645, 651, 652, 653, 654, 655, 659, 660, 666, 667, 668, 669, 670], "summary": {"covered_lines": 247, "num_statements": 263, "percent_covered": 93.91634980988593, "percent_covered_display": "94", "missing_lines": 16, "excluded_lines": 0}, "missing_lines": [278, 285, 320, 321, 361, 362, 363, 364, 366, 373, 374, 375, 376, 378, 576, 610], "excluded_lines": []}, "": {"executed_lines": [1, 3, 4, 5, 6, 7, 8, 9, 10, 12, 17, 18, 19, 22, 23, 25, 44, 122, 191, 244, 248, 331, 390, 462, 475, 484, 494, 525, 580, 616, 629, 642, 657], "summary": {"covered_lines": 31, "num_statements": 31, "percent_covered": 100.0, "percent_covered_display": "100", "missing_lines": 0, "excluded_lines": 0}, "missing_lines": [], "excluded_lines": []}}}, "src/proof_sketcher/parser/models.py": {"executed_lines": [1, 3, 4, 5, 7, 10, 11, 13, 14, 15, 16, 19, 20, 21, 22, 25, 28, 30, 31, 33, 34, 37, 38, 40, 41, 44, 45, 46, 48, 49, 58, 60, 61, 72, 73, 75, 76, 77, 78, 79, 80, 82, 83, 85, 88, 89, 91, 94, 95, 98, 99, 102, 104, 105, 107, 109, 110, 112, 114, 116, 117, 118, 119, 121, 123, 125, 126, 128, 129], "summary": {"covered_lines": 61, "num_statements": 62, "percent_covered": 98.38709677419355, "percent_covered_display": "98", "missing_lines": 1, "excluded_lines": 0}, "missing_lines": [69], "excluded_lines": [], "functions": {"ParseError.from_exception": {"executed_lines": [58, 60, 61], "summary": {"covered_lines": 3, "num_statements": 4, "percent_covered": 75.0, "percent_covered_display": "75", "missing_lines": 1, "excluded_lines": 0}, "missing_lines": [69], "excluded_lines": []}, "ParseResult.has_errors": {"executed_lines": [107], "summary": {"covered_lines": 1, "num_statements": 1, "percent_covered": 100.0, "percent_covered_display": "100", "missing_lines": 0, "excluded_lines": 0}, "missing_lines": [], "excluded_lines": []}, "ParseResult.has_theorems": {"executed_lines": [112], "summary": {"covered_lines": 1, "num_statements": 1, "percent_covered": 100.0, "percent_covered_display": "100", "missing_lines": 0, "excluded_lines": 0}, "missing_lines": [], "excluded_lines": []}, "ParseResult.get_theorem_by_name": {"executed_lines": [116, 117, 118, 119], "summary": {"covered_lines": 4, "num_statements": 4, "percent_covered": 100.0, "percent_covered_display": "100", "missing_lines": 0, "excluded_lines": 0}, "missing_lines": [], "excluded_lines": []}, "ParseResult.to_dict": {"executed_lines": [123], "summary": {"covered_lines": 1, "num_statements": 1, "percent_covered": 100.0, "percent_covered_display": "100", "missing_lines": 0, "excluded_lines": 0}, "missing_lines": [], "excluded_lines": []}, "": {"executed_lines": [1, 3, 4, 5, 7, 10, 11, 13, 14, 15, 16, 19, 20, 21, 22, 25, 28, 30, 31, 33, 34, 37, 38, 40, 41, 44, 45, 46, 48, 49, 72, 73, 75, 76, 77, 78, 79, 80, 82, 83, 85, 88, 89, 91, 94, 95, 98, 99, 102, 104, 105, 109, 110, 114, 121, 125, 126, 128, 129], "summary": {"covered_lines": 51, "num_statements": 51, "percent_covered": 100.0, "percent_covered_display": "100", "missing_lines": 0, "excluded_lines": 0}, "missing_lines": [], "excluded_lines": []}}, "classes": {"TheoremInfo": {"executed_lines": [], "summary": {"covered_lines": 0, "num_statements": 0, "percent_covered": 100.0, "percent_covered_display": "100", "missing_lines": 0, "excluded_lines": 0}, "missing_lines": [], "excluded_lines": []}, "TheoremInfo.Config": {"executed_lines": [], "summary": {"covered_lines": 0, "num_statements": 0, "percent_covered": 100.0, "percent_covered_display": "100", "missing_lines": 0, "excluded_lines": 0}, "missing_lines": [], "excluded_lines": []}, "ParseError": {"executed_lines": [58, 60, 61], "summary": {"covered_lines": 3, "num_statements": 4, "percent_covered": 75.0, "percent_covered_display": "75", "missing_lines": 1, "excluded_lines": 0}, "missing_lines": [69], "excluded_lines": []}, "FileMetadata": {"executed_lines": [], "summary": {"covered_lines": 0, "num_statements": 0, "percent_covered": 100.0, "percent_covered_display": "100", "missing_lines": 0, "excluded_lines": 0}, "missing_lines": [], "excluded_lines": []}, "FileMetadata.Config": {"executed_lines": [], "summary": {"covered_lines": 0, "num_statements": 0, "percent_covered": 100.0, "percent_covered_display": "100", "missing_lines": 0, "excluded_lines": 0}, "missing_lines": [], "excluded_lines": []}, "ParseResult": {"executed_lines": [107, 112, 116, 117, 118, 119, 123], "summary": {"covered_lines": 7, "num_statements": 7, "percent_covered": 100.0, "percent_covered_display": "100", "missing_lines": 0, "excluded_lines": 0}, "missing_lines": [], "excluded_lines": []}, "ParseResult.Config": {"executed_lines": [], "summary": {"covered_lines": 0, "num_statements": 0, "percent_covered": 100.0, "percent_covered_display": "100", "missing_lines": 0, "excluded_lines": 0}, "missing_lines": [], "excluded_lines": []}, "": {"executed_lines": [1, 3, 4, 5, 7, 10, 11, 13, 14, 15, 16, 19, 20, 21, 22, 25, 28, 30, 31, 33, 34, 37, 38, 40, 41, 44, 45, 46, 48, 49, 72, 73, 75, 76, 77, 78, 79, 80, 82, 83, 85, 88, 89, 91, 94, 95, 98, 99, 102, 104, 105, 109, 110, 114, 121, 125, 126, 128, 129], "summary": {"covered_lines": 51, "num_statements": 51, "percent_covered": 100.0, "percent_covered_display": "100", "missing_lines": 0, "excluded_lines": 0}, "missing_lines": [], "excluded_lines": []}}}}, "totals": {"covered_lines": 3084, "num_statements": 3775, "percent_covered": 81.69536423841059, "percent_covered_display": "82", "missing_lines": 691, "excluded_lines": 0}}
